Using pre-set license
Built from '2020.3/staging' branch; Version is '2020.3.0f1 (c7b5465681fb) revision 13088070'; Using compiler version '192528614'; Build Type 'Release'
OS: 'Windows 10 Home; OS build 19041.985; Version 2004; 64bit' Language: 'en' Physical Memory: 16193 MB
BatchMode: 1, IsHumanControllingUs: 0, StartBugReporterOnCrash: 0, Is64bit: 1, IsPro: 0

 COMMAND LINE ARGUMENTS:
D:\UnityProjects\Editors\2020.3.0f1\Editor\Unity.exe
-adb2
-batchMode
-noUpm
-name
AssetImportWorker0
-projectPath
D:/UnityProjects/Projects/ProjectFroggy
-logFile
Logs/AssetImportWorker0.log
-srvPort
56768
Successfully changed project path to: D:/UnityProjects/Projects/ProjectFroggy
D:/UnityProjects/Projects/ProjectFroggy
Using Asset Import Pipeline V2.
Refreshing native plugins compatible for Editor in 74.06 ms, found 0 plugins.
Preloading 0 native plugins for Editor in 0.00 ms.
Initialize engine version: 2020.3.0f1 (c7b5465681fb)
[Subsystems] Discovering subsystems at path D:/UnityProjects/Editors/2020.3.0f1/Editor/Data/Resources/UnitySubsystems
[Subsystems] Discovering subsystems at path D:/UnityProjects/Projects/ProjectFroggy/Assets
GfxDevice: creating device client; threaded=0
Direct3D:
    Version:  Direct3D 11.0 [level 11.1]
    Renderer: NVIDIA GeForce GTX 1650 (ID=0x1f91)
    Vendor:   
    VRAM:     3962 MB
    Driver:   27.21.14.5167
Initialize mono
Mono path[0] = 'D:/UnityProjects/Editors/2020.3.0f1/Editor/Data/Managed'
Mono path[1] = 'D:/UnityProjects/Editors/2020.3.0f1/Editor/Data/MonoBleedingEdge/lib/mono/unityjit'
Mono config path = 'D:/UnityProjects/Editors/2020.3.0f1/Editor/Data/MonoBleedingEdge/etc'
Using monoOptions --debugger-agent=transport=dt_socket,embedding=1,server=y,suspend=n,address=127.0.0.1:56060
Begin MonoManager ReloadAssembly
Registering precompiled unity dll's ...
Register platform support module: D:/UnityProjects/Editors/2020.3.0f1/Editor/Data/PlaybackEngines/WindowsStandaloneSupport/UnityEditor.WindowsStandalone.Extensions.dll
Registered in 0.002440 seconds.
Native extension for WindowsStandalone target not found
Refreshing native plugins compatible for Editor in 76.68 ms, found 0 plugins.
Preloading 0 native plugins for Editor in 0.00 ms.
Invoked RoslynAnalysisRunner static constructor.
RoslynAnalysisRunner will not be running.
RoslynAnalysisRunner has terminated.
Mono: successfully reloaded assembly
- Completed reload, in  1.444 seconds
Platform modules already initialized, skipping
Registering precompiled user dll's ...
Registered in 0.001705 seconds.
Begin MonoManager ReloadAssembly
Native extension for WindowsStandalone target not found
Refreshing native plugins compatible for Editor in 78.28 ms, found 0 plugins.
Preloading 0 native plugins for Editor in 0.00 ms.
Invoked RoslynAnalysisRunner static constructor.
RoslynAnalysisRunner will not be running.
RoslynAnalysisRunner has terminated.
Mono: successfully reloaded assembly
- Completed reload, in  2.079 seconds
Platform modules already initialized, skipping
========================================================================
Worker process is ready to serve import requests
Shader 'Universal Render Pipeline/Particles/Lit': fallback shader 'Universal Render Pipeline/Particles/SimpleLit' not found
Shader 'Universal Render Pipeline/Particles/Lit': fallback shader 'Universal Render Pipeline/Particles/SimpleLit' not found
Launched and connected shader compiler UnityShaderCompiler.exe after 0.06 seconds
Refreshing native plugins compatible for Editor in 0.70 ms, found 0 plugins.
Preloading 0 native plugins for Editor in 0.00 ms.
Unloading 3482 Unused Serialized files (Serialized files now loaded: 0)
System memory in use before: 162.9 MB.
System memory in use after: 161.3 MB.

Unloading 173 unused Assets to reduce memory usage. Loaded Objects now: 3909.
Total: 6.590500 ms (FindLiveObjects: 0.495400 ms CreateObjectMapping: 0.214200 ms MarkObjects: 4.323400 ms  DeleteObjects: 1.555300 ms)

========================================================================
Received Import Request.
  path: Assets/Presets/Defaults/AlbedoTexture_Default.preset
  artifactKey: Guid(e8537455c6c08bd4e8bf0be3707da685) Importer(815301076,1909f56bfc062723c751e8b465ee728b)
Start importing Assets/Presets/Defaults/AlbedoTexture_Default.preset using Guid(e8537455c6c08bd4e8bf0be3707da685) Importer(815301076,1909f56bfc062723c751e8b465ee728b)  -> (artifact id: 'a6e699e5cf98191361d1a94746b4b736') in 0.116410 seconds
  Import took 0.123343 seconds .

========================================================================
Received Import Request.
  Time since last request: 0.000274 seconds.
  path: Assets/Presets/Defaults/AudioDecompressOnLoad.preset
  artifactKey: Guid(e7689051185d12f4298e1ebb2693a29f) Importer(815301076,1909f56bfc062723c751e8b465ee728b)
Start importing Assets/Presets/Defaults/AudioDecompressOnLoad.preset using Guid(e7689051185d12f4298e1ebb2693a29f) Importer(815301076,1909f56bfc062723c751e8b465ee728b)  -> (artifact id: '236ecb79efdd8d318d0d46a9ccd821cb') in 0.048923 seconds
  Import took 0.055160 seconds .

========================================================================
Received Import Request.
  Time since last request: 0.000309 seconds.
  path: Assets/Presets/Defaults
  artifactKey: Guid(71ea82b02df99c2439e0dc8e4e1ebc24) Importer(815301076,1909f56bfc062723c751e8b465ee728b)
Start importing Assets/Presets/Defaults using Guid(71ea82b02df99c2439e0dc8e4e1ebc24) Importer(815301076,1909f56bfc062723c751e8b465ee728b)  -> (artifact id: '38c27a1879b5c67016ec1920ab950a2e') in 0.041639 seconds
  Import took 0.048391 seconds .

========================================================================
Received Import Request.
  Time since last request: 0.000269 seconds.
  path: Assets/Presets/Defaults/DirectionalLight_Default.preset
  artifactKey: Guid(463065d4f17d1d94d848aa127b94dd43) Importer(815301076,1909f56bfc062723c751e8b465ee728b)
Start importing Assets/Presets/Defaults/DirectionalLight_Default.preset using Guid(463065d4f17d1d94d848aa127b94dd43) Importer(815301076,1909f56bfc062723c751e8b465ee728b)  -> (artifact id: 'af8410575413b837c25dfc246cae01a8') in 0.046504 seconds
  Import took 0.052236 seconds .

========================================================================
Received Import Request.
  Time since last request: 1431.656977 seconds.
  path: Assets/Thirdparty/Stylized Grass Shader/_Demo/DemoAssets/Materials/PollenParticle.mat
  artifactKey: Guid(1fe937e108cbdb64283f9a01cca1abbc) Importer(815301076,1909f56bfc062723c751e8b465ee728b)
Start importing Assets/Thirdparty/Stylized Grass Shader/_Demo/DemoAssets/Materials/PollenParticle.mat using Guid(1fe937e108cbdb64283f9a01cca1abbc) Importer(815301076,1909f56bfc062723c751e8b465ee728b)  -> (artifact id: 'cc9e4dbf6d548a212478140777fb4c1a') in 0.388411 seconds
  Import took 0.396622 seconds .

========================================================================
Received Import Request.
  Time since last request: 25.096492 seconds.
  path: Packages/com.unity.probuilder/Content/Material/Checker.mat
  artifactKey: Guid(4717b199010ca4cb3a8a7a465ec457d2) Importer(815301076,1909f56bfc062723c751e8b465ee728b)
Start importing Packages/com.unity.probuilder/Content/Material/Checker.mat using Guid(4717b199010ca4cb3a8a7a465ec457d2) Importer(815301076,1909f56bfc062723c751e8b465ee728b)  -> (artifact id: '41bec232964daeebe8d8284e6ce0cb16') in 0.101162 seconds
  Import took 0.107700 seconds .

========================================================================
Received Import Request.
  Time since last request: 0.000273 seconds.
  path: Packages/com.unity.probuilder/Content/Resources/Materials/EdgePicker.mat
  artifactKey: Guid(4ff996e3a0a5743a3987ab6231160665) Importer(815301076,1909f56bfc062723c751e8b465ee728b)
Start importing Packages/com.unity.probuilder/Content/Resources/Materials/EdgePicker.mat using Guid(4ff996e3a0a5743a3987ab6231160665) Importer(815301076,1909f56bfc062723c751e8b465ee728b)  -> (artifact id: '9455b314e35d66e5c092fc7fb4b2df58') in 0.065991 seconds
  Import took 0.073750 seconds .

========================================================================
Received Import Request.
  Time since last request: 0.000336 seconds.
  path: Packages/com.unity.probuilder/Content/Resources/Materials/Collider.mat
  artifactKey: Guid(bbb235fff4f48426b863b36058ab66d2) Importer(815301076,1909f56bfc062723c751e8b465ee728b)
Start importing Packages/com.unity.probuilder/Content/Resources/Materials/Collider.mat using Guid(bbb235fff4f48426b863b36058ab66d2) Importer(815301076,1909f56bfc062723c751e8b465ee728b)  -> (artifact id: '98088949b1b3789d3d516d0e9ca436ba') in 0.137496 seconds
  Import took 0.144533 seconds .

========================================================================
Received Prepare
Registering precompiled user dll's ...
Registered in 0.001945 seconds.
Begin MonoManager ReloadAssembly
Native extension for WindowsStandalone target not found
Refreshing native plugins compatible for Editor in 0.90 ms, found 0 plugins.
Preloading 0 native plugins for Editor in 0.00 ms.
Warning: Annotation not found!
UnityEngine.StackTraceUtility:ExtractStackTrace ()
UnityEditor.ProBuilder.EditorUtility:SetGizmoIconEnabled (System.Type,bool) (at Library/PackageCache/com.unity.probuilder@4.5.0/Editor/EditorCore/EditorUtility.cs:593)
UnityEditor.ProBuilder.HierarchyListener:.cctor () (at Library/PackageCache/com.unity.probuilder@4.5.0/Editor/EditorCore/HierarchyListener.cs:21)
System.Runtime.CompilerServices.RuntimeHelpers:RunClassConstructor (System.RuntimeTypeHandle)
UnityEditor.EditorAssemblies:ProcessInitializeOnLoadAttributes (System.Type[])

[Library/PackageCache/com.unity.probuilder@4.5.0/Editor/EditorCore/EditorUtility.cs line 593]

Invoked RoslynAnalysisRunner static constructor.
RoslynAnalysisRunner will not be running.
RoslynAnalysisRunner has terminated.
Mono: successfully reloaded assembly
- Completed reload, in  1.591 seconds
Platform modules already initialized, skipping
Shader 'Universal Render Pipeline/Particles/Lit': fallback shader 'Universal Render Pipeline/Particles/SimpleLit' not found
Shader 'Universal Render Pipeline/Particles/Lit': fallback shader 'Universal Render Pipeline/Particles/SimpleLit' not found
Refreshing native plugins compatible for Editor in 0.69 ms, found 0 plugins.
Preloading 0 native plugins for Editor in 0.00 ms.
Unloading 3314 Unused Serialized files (Serialized files now loaded: 0)
System memory in use before: 157.5 MB.
System memory in use after: 156.1 MB.

Unloading 38 unused Assets to reduce memory usage. Loaded Objects now: 3990.
Total: 6.061600 ms (FindLiveObjects: 0.645500 ms CreateObjectMapping: 0.316900 ms MarkObjects: 3.769600 ms  DeleteObjects: 1.326400 ms)

========================================================================
Received Prepare
Registering precompiled user dll's ...
Registered in 0.001982 seconds.
Begin MonoManager ReloadAssembly
Native extension for WindowsStandalone target not found
Refreshing native plugins compatible for Editor in 1.17 ms, found 0 plugins.
Preloading 0 native plugins for Editor in 0.00 ms.
Warning: Annotation not found!
UnityEngine.StackTraceUtility:ExtractStackTrace ()
UnityEditor.ProBuilder.EditorUtility:SetGizmoIconEnabled (System.Type,bool) (at Library/PackageCache/com.unity.probuilder@4.5.0/Editor/EditorCore/EditorUtility.cs:593)
UnityEditor.ProBuilder.HierarchyListener:.cctor () (at Library/PackageCache/com.unity.probuilder@4.5.0/Editor/EditorCore/HierarchyListener.cs:21)
System.Runtime.CompilerServices.RuntimeHelpers:RunClassConstructor (System.RuntimeTypeHandle)
UnityEditor.EditorAssemblies:ProcessInitializeOnLoadAttributes (System.Type[])

[Library/PackageCache/com.unity.probuilder@4.5.0/Editor/EditorCore/EditorUtility.cs line 593]

Invoked RoslynAnalysisRunner static constructor.
RoslynAnalysisRunner will not be running.
RoslynAnalysisRunner has terminated.
Mono: successfully reloaded assembly
- Completed reload, in  1.562 seconds
Platform modules already initialized, skipping
Shader 'Universal Render Pipeline/Particles/Lit': fallback shader 'Universal Render Pipeline/Particles/SimpleLit' not found
Shader 'Universal Render Pipeline/Particles/Lit': fallback shader 'Universal Render Pipeline/Particles/SimpleLit' not found
Refreshing native plugins compatible for Editor in 0.65 ms, found 0 plugins.
Preloading 0 native plugins for Editor in 0.00 ms.
Unloading 3314 Unused Serialized files (Serialized files now loaded: 0)
System memory in use before: 157.6 MB.
System memory in use after: 156.1 MB.

Unloading 37 unused Assets to reduce memory usage. Loaded Objects now: 3993.
Total: 6.981500 ms (FindLiveObjects: 0.455500 ms CreateObjectMapping: 0.127400 ms MarkObjects: 5.130300 ms  DeleteObjects: 1.266500 ms)

========================================================================
Received Prepare
Registering precompiled user dll's ...
Registered in 0.002053 seconds.
Begin MonoManager ReloadAssembly
Native extension for WindowsStandalone target not found
Refreshing native plugins compatible for Editor in 0.79 ms, found 0 plugins.
Preloading 0 native plugins for Editor in 0.00 ms.
Warning: Annotation not found!
UnityEngine.StackTraceUtility:ExtractStackTrace ()
UnityEditor.ProBuilder.EditorUtility:SetGizmoIconEnabled (System.Type,bool) (at Library/PackageCache/com.unity.probuilder@4.5.0/Editor/EditorCore/EditorUtility.cs:593)
UnityEditor.ProBuilder.HierarchyListener:.cctor () (at Library/PackageCache/com.unity.probuilder@4.5.0/Editor/EditorCore/HierarchyListener.cs:21)
System.Runtime.CompilerServices.RuntimeHelpers:RunClassConstructor (System.RuntimeTypeHandle)
UnityEditor.EditorAssemblies:ProcessInitializeOnLoadAttributes (System.Type[])

[Library/PackageCache/com.unity.probuilder@4.5.0/Editor/EditorCore/EditorUtility.cs line 593]

Invoked RoslynAnalysisRunner static constructor.
RoslynAnalysisRunner will not be running.
RoslynAnalysisRunner has terminated.
Mono: successfully reloaded assembly
- Completed reload, in  1.862 seconds
Platform modules already initialized, skipping
Shader 'Universal Render Pipeline/Particles/Lit': fallback shader 'Universal Render Pipeline/Particles/SimpleLit' not found
Shader 'Universal Render Pipeline/Particles/Lit': fallback shader 'Universal Render Pipeline/Particles/SimpleLit' not found
Refreshing native plugins compatible for Editor in 0.71 ms, found 0 plugins.
Preloading 0 native plugins for Editor in 0.00 ms.
Unloading 3314 Unused Serialized files (Serialized files now loaded: 0)
System memory in use before: 157.6 MB.
System memory in use after: 156.2 MB.

Unloading 37 unused Assets to reduce memory usage. Loaded Objects now: 3996.
Total: 5.218100 ms (FindLiveObjects: 0.446400 ms CreateObjectMapping: 0.134000 ms MarkObjects: 3.361000 ms  DeleteObjects: 1.274900 ms)

========================================================================
Received Import Request.
  Time since last request: 2932.675018 seconds.
  path: Assets/Materials
  artifactKey: Guid(d0234ba368eeec9418390da711bfdad0) Importer(815301076,1909f56bfc062723c751e8b465ee728b)
Start importing Assets/Materials using Guid(d0234ba368eeec9418390da711bfdad0) Importer(815301076,1909f56bfc062723c751e8b465ee728b)  -> (artifact id: 'af3059645bf3517e3864836cb7870e83') in 0.221381 seconds
  Import took 0.229732 seconds .

========================================================================
Received Prepare
Registering precompiled user dll's ...
Registered in 0.001617 seconds.
Begin MonoManager ReloadAssembly
Native extension for WindowsStandalone target not found
Refreshing native plugins compatible for Editor in 0.82 ms, found 0 plugins.
Preloading 0 native plugins for Editor in 0.00 ms.
Warning: Annotation not found!
UnityEngine.StackTraceUtility:ExtractStackTrace ()
UnityEditor.ProBuilder.EditorUtility:SetGizmoIconEnabled (System.Type,bool) (at Library/PackageCache/com.unity.probuilder@4.5.0/Editor/EditorCore/EditorUtility.cs:593)
UnityEditor.ProBuilder.HierarchyListener:.cctor () (at Library/PackageCache/com.unity.probuilder@4.5.0/Editor/EditorCore/HierarchyListener.cs:21)
System.Runtime.CompilerServices.RuntimeHelpers:RunClassConstructor (System.RuntimeTypeHandle)
UnityEditor.EditorAssemblies:ProcessInitializeOnLoadAttributes (System.Type[])

[Library/PackageCache/com.unity.probuilder@4.5.0/Editor/EditorCore/EditorUtility.cs line 593]

Invoked RoslynAnalysisRunner static constructor.
RoslynAnalysisRunner will not be running.
RoslynAnalysisRunner has terminated.
Mono: successfully reloaded assembly
- Completed reload, in  1.679 seconds
Platform modules already initialized, skipping
Shader 'Universal Render Pipeline/Particles/Lit': fallback shader 'Universal Render Pipeline/Particles/SimpleLit' not found
Shader 'Universal Render Pipeline/Particles/Lit': fallback shader 'Universal Render Pipeline/Particles/SimpleLit' not found
Refreshing native plugins compatible for Editor in 0.78 ms, found 0 plugins.
Preloading 0 native plugins for Editor in 0.00 ms.
Unloading 3314 Unused Serialized files (Serialized files now loaded: 0)
System memory in use before: 157.6 MB.
System memory in use after: 156.2 MB.

Unloading 37 unused Assets to reduce memory usage. Loaded Objects now: 3999.
Total: 8.284300 ms (FindLiveObjects: 0.462400 ms CreateObjectMapping: 0.107200 ms MarkObjects: 6.124700 ms  DeleteObjects: 1.587100 ms)

========================================================================
Received Import Request.
  Time since last request: 16.412573 seconds.
  path: Assets/Materials/New Material.mat
  artifactKey: Guid(51a53b4d6a482b24b8294363b2fdf70e) Importer(815301076,1909f56bfc062723c751e8b465ee728b)
Start importing Assets/Materials/New Material.mat using Guid(51a53b4d6a482b24b8294363b2fdf70e) Importer(815301076,1909f56bfc062723c751e8b465ee728b)  -> (artifact id: 'c100a7a5272c044f93b2762839964c58') in 0.294807 seconds
  Import took 0.301440 seconds .

========================================================================
Received Prepare
Registering precompiled user dll's ...
Registered in 0.020121 seconds.
Begin MonoManager ReloadAssembly
Native extension for WindowsStandalone target not found
Refreshing native plugins compatible for Editor in 0.83 ms, found 0 plugins.
Preloading 0 native plugins for Editor in 0.00 ms.
Warning: Annotation not found!
UnityEngine.StackTraceUtility:ExtractStackTrace ()
UnityEditor.ProBuilder.EditorUtility:SetGizmoIconEnabled (System.Type,bool) (at Library/PackageCache/com.unity.probuilder@4.5.0/Editor/EditorCore/EditorUtility.cs:593)
UnityEditor.ProBuilder.HierarchyListener:.cctor () (at Library/PackageCache/com.unity.probuilder@4.5.0/Editor/EditorCore/HierarchyListener.cs:21)
System.Runtime.CompilerServices.RuntimeHelpers:RunClassConstructor (System.RuntimeTypeHandle)
UnityEditor.EditorAssemblies:ProcessInitializeOnLoadAttributes (System.Type[])

[Library/PackageCache/com.unity.probuilder@4.5.0/Editor/EditorCore/EditorUtility.cs line 593]

Invoked RoslynAnalysisRunner static constructor.
RoslynAnalysisRunner will not be running.
RoslynAnalysisRunner has terminated.
Mono: successfully reloaded assembly
- Completed reload, in  1.580 seconds
Platform modules already initialized, skipping
Shader 'Universal Render Pipeline/Particles/Lit': fallback shader 'Universal Render Pipeline/Particles/SimpleLit' not found
Shader 'Universal Render Pipeline/Particles/Lit': fallback shader 'Universal Render Pipeline/Particles/SimpleLit' not found
Refreshing native plugins compatible for Editor in 0.80 ms, found 0 plugins.
Preloading 0 native plugins for Editor in 0.00 ms.
Unloading 3314 Unused Serialized files (Serialized files now loaded: 0)
System memory in use before: 157.8 MB.
System memory in use after: 156.3 MB.

Unloading 37 unused Assets to reduce memory usage. Loaded Objects now: 4038.
Total: 6.029100 ms (FindLiveObjects: 0.436100 ms CreateObjectMapping: 0.105100 ms MarkObjects: 3.945400 ms  DeleteObjects: 1.540800 ms)

========================================================================
Received Import Request.
  Time since last request: 192.763011 seconds.
  path: Assets/Materials/New Material.mat
  artifactKey: Guid(51a53b4d6a482b24b8294363b2fdf70e) Importer(815301076,1909f56bfc062723c751e8b465ee728b)
Start importing Assets/Materials/New Material.mat using Guid(51a53b4d6a482b24b8294363b2fdf70e) Importer(815301076,1909f56bfc062723c751e8b465ee728b)  -> (artifact id: 'aecb4850534f3a5f8209a66cbc32d3c7') in 0.269156 seconds
  Import took 0.276255 seconds .

========================================================================
Received Prepare
Registering precompiled user dll's ...
Registered in 0.707570 seconds.
Begin MonoManager ReloadAssembly
Native extension for WindowsStandalone target not found
Refreshing native plugins compatible for Editor in 0.97 ms, found 0 plugins.
Preloading 0 native plugins for Editor in 0.00 ms.
Warning: Annotation not found!
UnityEngine.StackTraceUtility:ExtractStackTrace ()
UnityEditor.ProBuilder.EditorUtility:SetGizmoIconEnabled (System.Type,bool) (at Library/PackageCache/com.unity.probuilder@4.5.0/Editor/EditorCore/EditorUtility.cs:593)
UnityEditor.ProBuilder.HierarchyListener:.cctor () (at Library/PackageCache/com.unity.probuilder@4.5.0/Editor/EditorCore/HierarchyListener.cs:21)
System.Runtime.CompilerServices.RuntimeHelpers:RunClassConstructor (System.RuntimeTypeHandle)
UnityEditor.EditorAssemblies:ProcessInitializeOnLoadAttributes (System.Type[])

[Library/PackageCache/com.unity.probuilder@4.5.0/Editor/EditorCore/EditorUtility.cs line 593]

Invoked RoslynAnalysisRunner static constructor.
RoslynAnalysisRunner will not be running.
RoslynAnalysisRunner has terminated.
Mono: successfully reloaded assembly
- Completed reload, in  1.750 seconds
Platform modules already initialized, skipping
Shader 'Universal Render Pipeline/Particles/Lit': fallback shader 'Universal Render Pipeline/Particles/SimpleLit' not found
Shader 'Universal Render Pipeline/Particles/Lit': fallback shader 'Universal Render Pipeline/Particles/SimpleLit' not found
Refreshing native plugins compatible for Editor in 0.91 ms, found 0 plugins.
Preloading 0 native plugins for Editor in 0.00 ms.
Unloading 3314 Unused Serialized files (Serialized files now loaded: 0)
System memory in use before: 157.9 MB.
System memory in use after: 156.5 MB.

Unloading 37 unused Assets to reduce memory usage. Loaded Objects now: 4077.
Total: 5.901700 ms (FindLiveObjects: 0.418500 ms CreateObjectMapping: 0.108300 ms MarkObjects: 3.953800 ms  DeleteObjects: 1.418900 ms)

========================================================================
Received Prepare
Registering precompiled user dll's ...
Registered in 0.001489 seconds.
Begin MonoManager ReloadAssembly
Native extension for WindowsStandalone target not found
Refreshing native plugins compatible for Editor in 0.97 ms, found 0 plugins.
Preloading 0 native plugins for Editor in 0.00 ms.
Warning: Annotation not found!
UnityEngine.StackTraceUtility:ExtractStackTrace ()
UnityEditor.ProBuilder.EditorUtility:SetGizmoIconEnabled (System.Type,bool) (at Library/PackageCache/com.unity.probuilder@4.5.0/Editor/EditorCore/EditorUtility.cs:593)
UnityEditor.ProBuilder.HierarchyListener:.cctor () (at Library/PackageCache/com.unity.probuilder@4.5.0/Editor/EditorCore/HierarchyListener.cs:21)
System.Runtime.CompilerServices.RuntimeHelpers:RunClassConstructor (System.RuntimeTypeHandle)
UnityEditor.EditorAssemblies:ProcessInitializeOnLoadAttributes (System.Type[])

[Library/PackageCache/com.unity.probuilder@4.5.0/Editor/EditorCore/EditorUtility.cs line 593]

Invoked RoslynAnalysisRunner static constructor.
RoslynAnalysisRunner will not be running.
RoslynAnalysisRunner has terminated.
Mono: successfully reloaded assembly
- Completed reload, in  1.971 seconds
Platform modules already initialized, skipping
Shader 'Universal Render Pipeline/Particles/Lit': fallback shader 'Universal Render Pipeline/Particles/SimpleLit' not found
Shader 'Universal Render Pipeline/Particles/Lit': fallback shader 'Universal Render Pipeline/Particles/SimpleLit' not found
Refreshing native plugins compatible for Editor in 0.76 ms, found 0 plugins.
Preloading 0 native plugins for Editor in 0.00 ms.
Unloading 3314 Unused Serialized files (Serialized files now loaded: 0)
System memory in use before: 158.0 MB.
System memory in use after: 156.5 MB.

Unloading 37 unused Assets to reduce memory usage. Loaded Objects now: 4080.
Total: 6.169800 ms (FindLiveObjects: 0.519300 ms CreateObjectMapping: 0.205700 ms MarkObjects: 3.917900 ms  DeleteObjects: 1.525400 ms)

========================================================================
Received Import Request.
  Time since last request: 890.952239 seconds.
  path: Assets/Thirdparty/Stylized Grass Shader/_Demo/DemoAssets/Materials/NewBrush.brush
  artifactKey: Guid(d941fd74a01e3ab4581f7db951c44b1d) Importer(815301076,1909f56bfc062723c751e8b465ee728b)
Start importing Assets/Thirdparty/Stylized Grass Shader/_Demo/DemoAssets/Materials/NewBrush.brush using Guid(d941fd74a01e3ab4581f7db951c44b1d) Importer(815301076,1909f56bfc062723c751e8b465ee728b)  -> (artifact id: 'f9f504a95c33bbe302fbb84b3d02136d') in 0.119187 seconds
  Import took 0.129342 seconds .

========================================================================
Received Import Request.
  Time since last request: 15.959137 seconds.
  path: Assets/Thirdparty/Stylized Grass Shader/Shaders/Resources/GrassBendMesh.shader
  artifactKey: Guid(83f1a74da0594f2439500e813fc6108b) Importer(815301076,1909f56bfc062723c751e8b465ee728b)
Start importing Assets/Thirdparty/Stylized Grass Shader/Shaders/Resources/GrassBendMesh.shader using Guid(83f1a74da0594f2439500e813fc6108b) Importer(815301076,1909f56bfc062723c751e8b465ee728b)  -> (artifact id: 'fb61fa89ca28f5e65648e6c9729f9ef0') in 0.040657 seconds
  Import took 0.047170 seconds .

========================================================================
Received Import Request.
  Time since last request: 0.028276 seconds.
  path: Assets/Thirdparty/Stylized Grass Shader/Shaders/Resources/GrassBendMesh.shader
  artifactKey: Guid(83f1a74da0594f2439500e813fc6108b) Importer(815301076,1909f56bfc062723c751e8b465ee728b)
Start importing Assets/Thirdparty/Stylized Grass Shader/Shaders/Resources/GrassBendMesh.shader using Guid(83f1a74da0594f2439500e813fc6108b) Importer(815301076,1909f56bfc062723c751e8b465ee728b)  -> (artifact id: 'fb61fa89ca28f5e65648e6c9729f9ef0') in 0.034656 seconds
  Import took 0.041654 seconds .

========================================================================
Received Import Request.
  Time since last request: 0.352652 seconds.
  path: Assets/Thirdparty/Stylized Grass Shader/Shaders/Resources/GrassBendRenderer.shader
  artifactKey: Guid(49163e68421034d488562821fb4e14d7) Importer(815301076,1909f56bfc062723c751e8b465ee728b)
Start importing Assets/Thirdparty/Stylized Grass Shader/Shaders/Resources/GrassBendRenderer.shader using Guid(49163e68421034d488562821fb4e14d7) Importer(815301076,1909f56bfc062723c751e8b465ee728b)  -> (artifact id: '044972b3ad4b061fba510cb50bd24eff') in 0.043813 seconds
  Import took 0.052002 seconds .

========================================================================
Received Import Request.
  Time since last request: 0.008640 seconds.
  path: Assets/Thirdparty/Stylized Grass Shader/Shaders/Resources/GrassBendRenderer.shader
  artifactKey: Guid(49163e68421034d488562821fb4e14d7) Importer(815301076,1909f56bfc062723c751e8b465ee728b)
Start importing Assets/Thirdparty/Stylized Grass Shader/Shaders/Resources/GrassBendRenderer.shader using Guid(49163e68421034d488562821fb4e14d7) Importer(815301076,1909f56bfc062723c751e8b465ee728b)  -> (artifact id: '044972b3ad4b061fba510cb50bd24eff') in 0.032250 seconds
  Import took 0.038683 seconds .

========================================================================
Received Import Request.
  Time since last request: 0.445755 seconds.
  path: Assets/Thirdparty/Stylized Grass Shader/Shaders/Resources/GrassBendTrail.shader
  artifactKey: Guid(39ff53b718b64474e8578fb06885a992) Importer(815301076,1909f56bfc062723c751e8b465ee728b)
Start importing Assets/Thirdparty/Stylized Grass Shader/Shaders/Resources/GrassBendTrail.shader using Guid(39ff53b718b64474e8578fb06885a992) Importer(815301076,1909f56bfc062723c751e8b465ee728b)  -> (artifact id: 'e168d6951d5e55fb1d75831b7c93eb3f') in 0.042153 seconds
  Import took 0.049108 seconds .

========================================================================
Received Import Request.
  Time since last request: 0.007764 seconds.
  path: Assets/Thirdparty/Stylized Grass Shader/Shaders/Resources/GrassBendTrail.shader
  artifactKey: Guid(39ff53b718b64474e8578fb06885a992) Importer(815301076,1909f56bfc062723c751e8b465ee728b)
Start importing Assets/Thirdparty/Stylized Grass Shader/Shaders/Resources/GrassBendTrail.shader using Guid(39ff53b718b64474e8578fb06885a992) Importer(815301076,1909f56bfc062723c751e8b465ee728b)  -> (artifact id: 'e168d6951d5e55fb1d75831b7c93eb3f') in 0.033159 seconds
  Import took 0.039464 seconds .

========================================================================
Received Import Request.
  Time since last request: 4.736742 seconds.
  path: Assets/Thirdparty/Stylized Grass Shader/Prefabs/Benders/BendParticles.prefab
  artifactKey: Guid(04066e1c8e846a34f933b16d4442e7fe) Importer(815301076,1909f56bfc062723c751e8b465ee728b)
Start importing Assets/Thirdparty/Stylized Grass Shader/Prefabs/Benders/BendParticles.prefab using Guid(04066e1c8e846a34f933b16d4442e7fe) Importer(815301076,1909f56bfc062723c751e8b465ee728b)  -> (artifact id: '14b7202e365dafa18e37f920641a00a8') in 0.069044 seconds
  Import took 0.075556 seconds .

========================================================================
Received Import Request.
  Time since last request: 0.000265 seconds.
  path: Assets/Thirdparty/Stylized Grass Shader/Prefabs/Benders/BendParticleTrail.prefab
  artifactKey: Guid(a3519c22beec9934882d5ca71d62a06d) Importer(815301076,1909f56bfc062723c751e8b465ee728b)
Start importing Assets/Thirdparty/Stylized Grass Shader/Prefabs/Benders/BendParticleTrail.prefab using Guid(a3519c22beec9934882d5ca71d62a06d) Importer(815301076,1909f56bfc062723c751e8b465ee728b)  -> (artifact id: 'ef52bbf6622cf5354cee2043b2c1f1c2') in 0.045306 seconds
  Import took 0.053739 seconds .

========================================================================
Received Import Request.
  Time since last request: 0.000691 seconds.
  path: Assets/Thirdparty/Stylized Grass Shader/Prefabs/Benders/BendSphere.prefab
  artifactKey: Guid(e27ceccf6a0f222439f7d4de3958e43c) Importer(815301076,1909f56bfc062723c751e8b465ee728b)
Start importing Assets/Thirdparty/Stylized Grass Shader/Prefabs/Benders/BendSphere.prefab using Guid(e27ceccf6a0f222439f7d4de3958e43c) Importer(815301076,1909f56bfc062723c751e8b465ee728b)  -> (artifact id: 'd4070d622b63fd5b93efb21a4c0b67eb') in 0.219775 seconds
  Import took 0.240819 seconds .

========================================================================
Received Import Request.
  Time since last request: 0.000253 seconds.
  path: Assets/Thirdparty/Stylized Grass Shader/Prefabs/Benders/BendTrail.prefab
  artifactKey: Guid(88416dabfdd83514ca3bf25847d8a430) Importer(815301076,1909f56bfc062723c751e8b465ee728b)
Start importing Assets/Thirdparty/Stylized Grass Shader/Prefabs/Benders/BendTrail.prefab using Guid(88416dabfdd83514ca3bf25847d8a430) Importer(815301076,1909f56bfc062723c751e8b465ee728b)  -> (artifact id: 'b9333a82586aab2c146a0b36828e949d') in 0.040618 seconds
  Import took 0.047405 seconds .

========================================================================
Received Import Request.
  Time since last request: 6.036231 seconds.
  path: Assets/Thirdparty/Stylized Grass Shader/_Demo/DemoAssets/SGS_VolumeProfile.asset
  artifactKey: Guid(015577ef642c6f74181850adac420db5) Importer(815301076,1909f56bfc062723c751e8b465ee728b)
Start importing Assets/Thirdparty/Stylized Grass Shader/_Demo/DemoAssets/SGS_VolumeProfile.asset using Guid(015577ef642c6f74181850adac420db5) Importer(815301076,1909f56bfc062723c751e8b465ee728b)  -> (artifact id: '0588db3e62686d975b35a286555cf5fe') in 0.042635 seconds
  Import took 0.051007 seconds .

========================================================================
Received Import Request.
  Time since last request: 9.517960 seconds.
  path: Assets/Thirdparty/Stylized Grass Shader/Prefabs/Flowers/Flower_Aster.prefab
  artifactKey: Guid(7d90ecc6ff3a70c42ae66245102958f8) Importer(815301076,1909f56bfc062723c751e8b465ee728b)
Start importing Assets/Thirdparty/Stylized Grass Shader/Prefabs/Flowers/Flower_Aster.prefab using Guid(7d90ecc6ff3a70c42ae66245102958f8) Importer(815301076,1909f56bfc062723c751e8b465ee728b)  -> (artifact id: '2bc340b2f7d72cf6467709a78151e44a') in 0.409151 seconds
  Import took 0.415767 seconds .

========================================================================
Received Import Request.
  Time since last request: 0.000269 seconds.
  path: Assets/Thirdparty/Stylized Grass Shader/Prefabs/Flowers/Flower_Chamomile.prefab
  artifactKey: Guid(a1d576652ac6f534cb52b92fa3d12261) Importer(815301076,1909f56bfc062723c751e8b465ee728b)
Start importing Assets/Thirdparty/Stylized Grass Shader/Prefabs/Flowers/Flower_Chamomile.prefab using Guid(a1d576652ac6f534cb52b92fa3d12261) Importer(815301076,1909f56bfc062723c751e8b465ee728b)  -> (artifact id: '0c23c1f818af8f05e6bc6fa95886b1af') in 0.169459 seconds
  Import took 0.175774 seconds .

========================================================================
Received Import Request.
  Time since last request: 0.000262 seconds.
  path: Assets/Thirdparty/Stylized Grass Shader/Prefabs/Flowers/Groundcover_Poppies.prefab
  artifactKey: Guid(17a049d79784bd04fb549a30b986f76c) Importer(815301076,1909f56bfc062723c751e8b465ee728b)
Start importing Assets/Thirdparty/Stylized Grass Shader/Prefabs/Flowers/Groundcover_Poppies.prefab using Guid(17a049d79784bd04fb549a30b986f76c) Importer(815301076,1909f56bfc062723c751e8b465ee728b)  -> (artifact id: '13a4b2aa7024376239f467f564a58909') in 0.162977 seconds
  Import took 0.169847 seconds .

========================================================================
Received Import Request.
  Time since last request: 0.000266 seconds.
  path: Assets/Thirdparty/Stylized Grass Shader/Prefabs/Flowers/Flower_Dandelions.prefab
  artifactKey: Guid(b7e2edfd78290e740bfed4d9a2cc8ad1) Importer(815301076,1909f56bfc062723c751e8b465ee728b)
Start importing Assets/Thirdparty/Stylized Grass Shader/Prefabs/Flowers/Flower_Dandelions.prefab using Guid(b7e2edfd78290e740bfed4d9a2cc8ad1) Importer(815301076,1909f56bfc062723c751e8b465ee728b)  -> (artifact id: 'bb47dbacba2469cfabdd11d00e91751b') in 0.090906 seconds
  Import took 0.097166 seconds .

========================================================================
Received Import Request.
  Time since last request: 0.000273 seconds.
  path: Assets/Thirdparty/Stylized Grass Shader/Prefabs/Flowers/Flower_Speedwell.prefab
  artifactKey: Guid(6181dc0f93d6ce74c9c49269623cbe4b) Importer(815301076,1909f56bfc062723c751e8b465ee728b)
Start importing Assets/Thirdparty/Stylized Grass Shader/Prefabs/Flowers/Flower_Speedwell.prefab using Guid(6181dc0f93d6ce74c9c49269623cbe4b) Importer(815301076,1909f56bfc062723c751e8b465ee728b)  -> (artifact id: '409b2bc04f1ecf3ecd37aab24529f9af') in 0.171300 seconds
  Import took 0.178208 seconds .

========================================================================
Received Import Request.
  Time since last request: 0.000296 seconds.
  path: Assets/Thirdparty/Stylized Grass Shader/Prefabs/Flowers/Groundcover_Clovers.prefab
  artifactKey: Guid(8149b69b6a637994096bacf0a7c540a8) Importer(815301076,1909f56bfc062723c751e8b465ee728b)
Start importing Assets/Thirdparty/Stylized Grass Shader/Prefabs/Flowers/Groundcover_Clovers.prefab using Guid(8149b69b6a637994096bacf0a7c540a8) Importer(815301076,1909f56bfc062723c751e8b465ee728b)  -> (artifact id: 'bbf6328ac6263d4221c50bc1c26dfe5c') in 0.082160 seconds
  Import took 0.088408 seconds .

========================================================================
Received Import Request.
  Time since last request: 0.000277 seconds.
  path: Assets/Thirdparty/Stylized Grass Shader/Prefabs/Flowers/Groundcover_Daisies.prefab
  artifactKey: Guid(6bb75aa2123b360409a18aa850c9bb34) Importer(815301076,1909f56bfc062723c751e8b465ee728b)
Start importing Assets/Thirdparty/Stylized Grass Shader/Prefabs/Flowers/Groundcover_Daisies.prefab using Guid(6bb75aa2123b360409a18aa850c9bb34) Importer(815301076,1909f56bfc062723c751e8b465ee728b)  -> (artifact id: 'b50ade0a892a514558a9f9e0bdfb2b40') in 0.093470 seconds
  Import took 0.099362 seconds .

========================================================================
Received Import Request.
  Time since last request: 19.532408 seconds.
  path: Assets/Thirdparty/Stylized Grass Shader/Shaders/StylizedGrassShader.shader
  artifactKey: Guid(d7dd1c3f4cba1d441a7d295a168bac0d) Importer(815301076,1909f56bfc062723c751e8b465ee728b)
Start importing Assets/Thirdparty/Stylized Grass Shader/Shaders/StylizedGrassShader.shader using Guid(d7dd1c3f4cba1d441a7d295a168bac0d) Importer(815301076,1909f56bfc062723c751e8b465ee728b)  -> (artifact id: '1a2954a625352da85999e0868271a258') in 0.042584 seconds
  Import took 0.049490 seconds .

========================================================================
Received Import Request.
  Time since last request: 0.448928 seconds.
  path: Assets/Thirdparty/Stylized Grass Shader/Shaders/StylizedGrassShader.shader
  artifactKey: Guid(d7dd1c3f4cba1d441a7d295a168bac0d) Importer(815301076,1909f56bfc062723c751e8b465ee728b)
Start importing Assets/Thirdparty/Stylized Grass Shader/Shaders/StylizedGrassShader.shader using Guid(d7dd1c3f4cba1d441a7d295a168bac0d) Importer(815301076,1909f56bfc062723c751e8b465ee728b)  -> (artifact id: '1a2954a625352da85999e0868271a258') in 0.034078 seconds
  Import took 0.041137 seconds .

========================================================================
Received Import Request.
  Time since last request: 2.108116 seconds.
  path: Assets/Thirdparty/Stylized Grass Shader/Shaders/Libraries
  artifactKey: Guid(51057db4cb983b64eb16718a23b6d73a) Importer(815301076,1909f56bfc062723c751e8b465ee728b)
Start importing Assets/Thirdparty/Stylized Grass Shader/Shaders/Libraries using Guid(51057db4cb983b64eb16718a23b6d73a) Importer(815301076,1909f56bfc062723c751e8b465ee728b)  -> (artifact id: 'fa958d3ad33a60e3027c3ebda53c466c') in 0.037909 seconds
  Import took 0.044806 seconds .

========================================================================
Received Import Request.
  Time since last request: 4.550190 seconds.
  path: Assets/Thirdparty/Stylized Grass Shader/Scripts/StylizedGrass_Runtime.asmdef
  artifactKey: Guid(ea8005fdf30f9c24dab04181c20b1310) Importer(815301076,1909f56bfc062723c751e8b465ee728b)
Start importing Assets/Thirdparty/Stylized Grass Shader/Scripts/StylizedGrass_Runtime.asmdef using Guid(ea8005fdf30f9c24dab04181c20b1310) Importer(815301076,1909f56bfc062723c751e8b465ee728b)  -> (artifact id: '574afdd1bd7c4677d9414fb870592eeb') in 0.039845 seconds
  Import took 0.045585 seconds .

========================================================================
Received Import Request.
  Time since last request: 2.600620 seconds.
  path: Assets/Thirdparty/Stylized Grass Shader/Scripts/GrassColorMap.cs
  artifactKey: Guid(3edac668c9a4abf4d953dc90d0abcd5e) Importer(815301076,1909f56bfc062723c751e8b465ee728b)
Start importing Assets/Thirdparty/Stylized Grass Shader/Scripts/GrassColorMap.cs using Guid(3edac668c9a4abf4d953dc90d0abcd5e) Importer(815301076,1909f56bfc062723c751e8b465ee728b)  -> (artifact id: '59bfd166cf20e3d8a6802a4edbfdfcdb') in 0.049966 seconds
  Import took 0.056304 seconds .

========================================================================
Received Import Request.
  Time since last request: 2.507536 seconds.
  path: Assets/Thirdparty/Stylized Grass Shader/Scripts/GrassColorMapRenderer.cs
  artifactKey: Guid(2b2de55126dda534cac6d505fc89f393) Importer(815301076,1909f56bfc062723c751e8b465ee728b)
Start importing Assets/Thirdparty/Stylized Grass Shader/Scripts/GrassColorMapRenderer.cs using Guid(2b2de55126dda534cac6d505fc89f393) Importer(815301076,1909f56bfc062723c751e8b465ee728b)  -> (artifact id: 'fd869ea2fb9586686ef42528366b08e9') in 0.038289 seconds
  Import took 0.044508 seconds .

========================================================================
Received Import Request.
  Time since last request: 1.396977 seconds.
  path: Assets/Thirdparty/Stylized Grass Shader/Scripts/PipelineUtilities.cs
  artifactKey: Guid(b6a3ea94662321e479d9bb98ab1ccc70) Importer(815301076,1909f56bfc062723c751e8b465ee728b)
Start importing Assets/Thirdparty/Stylized Grass Shader/Scripts/PipelineUtilities.cs using Guid(b6a3ea94662321e479d9bb98ab1ccc70) Importer(815301076,1909f56bfc062723c751e8b465ee728b)  -> (artifact id: 'c6800d62357eb62267cc3b350fec9147') in 0.043471 seconds
  Import took 0.064481 seconds .

========================================================================
Received Import Request.
  Time since last request: 1.271635 seconds.
  path: Assets/Thirdparty/Stylized Grass Shader/Scripts/StylizedGrassShaderController.cs
  artifactKey: Guid(1358e19accefcf94ba2d112420fe5dc5) Importer(815301076,1909f56bfc062723c751e8b465ee728b)
Start importing Assets/Thirdparty/Stylized Grass Shader/Scripts/StylizedGrassShaderController.cs using Guid(1358e19accefcf94ba2d112420fe5dc5) Importer(815301076,1909f56bfc062723c751e8b465ee728b)  -> (artifact id: 'a6f702201704a6db33d7a139ecbb7d6b') in 0.046013 seconds
  Import took 0.054055 seconds .

========================================================================
Received Import Request.
  Time since last request: 2.752595 seconds.
  path: Assets/Thirdparty/Stylized Grass Shader/Scripts/StylizedGrassRenderer.cs
  artifactKey: Guid(f88c6c0bd2ee8e9439ca69a1bbb88368) Importer(815301076,1909f56bfc062723c751e8b465ee728b)
Start importing Assets/Thirdparty/Stylized Grass Shader/Scripts/StylizedGrassRenderer.cs using Guid(f88c6c0bd2ee8e9439ca69a1bbb88368) Importer(815301076,1909f56bfc062723c751e8b465ee728b)  -> (artifact id: 'faacec090c9a7441bf4ecdc205966054') in 0.038842 seconds
  Import took 0.047081 seconds .

========================================================================
Received Import Request.
  Time since last request: 1.550441 seconds.
  path: Assets/Thirdparty/Stylized Grass Shader/Scripts/DrawGrassBenders.cs
  artifactKey: Guid(9abe868ec2491074d9592fe4535835cf) Importer(815301076,1909f56bfc062723c751e8b465ee728b)
Start importing Assets/Thirdparty/Stylized Grass Shader/Scripts/DrawGrassBenders.cs using Guid(9abe868ec2491074d9592fe4535835cf) Importer(815301076,1909f56bfc062723c751e8b465ee728b)  -> (artifact id: '45dc8bdf12c5b238b1ec88ba4ed6419b') in 0.039167 seconds
  Import took 0.045344 seconds .

========================================================================
Received Import Request.
  Time since last request: 1.790290 seconds.
  path: Assets/Thirdparty/Stylized Grass Shader/Scripts/GrassBender.cs
  artifactKey: Guid(e55ad0d6ac674e14885d73917021b76f) Importer(815301076,1909f56bfc062723c751e8b465ee728b)
Start importing Assets/Thirdparty/Stylized Grass Shader/Scripts/GrassBender.cs using Guid(e55ad0d6ac674e14885d73917021b76f) Importer(815301076,1909f56bfc062723c751e8b465ee728b)  -> (artifact id: '99a83b597675b3482b55b955253e74d9') in 0.047032 seconds
  Import took 0.053932 seconds .

========================================================================
Received Import Request.
  Time since last request: 0.002848 seconds.
  path: Assets/Thirdparty/Stylized Grass Shader/Scripts/GrassBender.cs
  artifactKey: Guid(e55ad0d6ac674e14885d73917021b76f) Importer(815301076,1909f56bfc062723c751e8b465ee728b)
Start importing Assets/Thirdparty/Stylized Grass Shader/Scripts/GrassBender.cs using Guid(e55ad0d6ac674e14885d73917021b76f) Importer(815301076,1909f56bfc062723c751e8b465ee728b)  -> (artifact id: '99a83b597675b3482b55b955253e74d9') in 0.033403 seconds
  Import took 0.039756 seconds .

========================================================================
Received Import Request.
  Time since last request: 1.602231 seconds.
  path: Assets/Thirdparty/Stylized Grass Shader/Scripts/GrassBenderBase.cs
  artifactKey: Guid(a5bd9b5cc4e62fa4ab56606893672441) Importer(815301076,1909f56bfc062723c751e8b465ee728b)
Start importing Assets/Thirdparty/Stylized Grass Shader/Scripts/GrassBenderBase.cs using Guid(a5bd9b5cc4e62fa4ab56606893672441) Importer(815301076,1909f56bfc062723c751e8b465ee728b)  -> (artifact id: 'fb8f46727f9df02cd0a276056f7ae022') in 0.038937 seconds
  Import took 0.045209 seconds .

========================================================================
Received Import Request.
  Time since last request: 8.559497 seconds.
  path: Assets/Thirdparty/Stylized Grass Shader/Scripts/Renderers
  artifactKey: Guid(7222da3ffeec1864eaa1818810cfa87d) Importer(815301076,1909f56bfc062723c751e8b465ee728b)
Start importing Assets/Thirdparty/Stylized Grass Shader/Scripts/Renderers using Guid(7222da3ffeec1864eaa1818810cfa87d) Importer(815301076,1909f56bfc062723c751e8b465ee728b)  -> (artifact id: 'b05df7801f44b77c3178b085e1ffcf57') in 0.040764 seconds
  Import took 0.091240 seconds .

========================================================================
Received Import Request.
  Time since last request: 0.043149 seconds.
  path: Assets/Thirdparty/Stylized Grass Shader/Scripts/Renderers/ColormapRenderer.asset
  artifactKey: Guid(f25486c249c77294eafec09d595cd231) Importer(815301076,1909f56bfc062723c751e8b465ee728b)
Start importing Assets/Thirdparty/Stylized Grass Shader/Scripts/Renderers/ColormapRenderer.asset using Guid(f25486c249c77294eafec09d595cd231) Importer(815301076,1909f56bfc062723c751e8b465ee728b)  -> (artifact id: 'e9a2a91d7c31b34378ea3812282a69c8') in 0.043782 seconds
  Import took 0.050605 seconds .

========================================================================
Received Import Request.
  Time since last request: 0.000289 seconds.
  path: Assets/Thirdparty/Stylized Grass Shader/Scripts/Renderers/GrassBendRenderer.asset
  artifactKey: Guid(6646d2562bb9379498d38addaba2d66d) Importer(815301076,1909f56bfc062723c751e8b465ee728b)
Start importing Assets/Thirdparty/Stylized Grass Shader/Scripts/Renderers/GrassBendRenderer.asset using Guid(6646d2562bb9379498d38addaba2d66d) Importer(815301076,1909f56bfc062723c751e8b465ee728b)  -> (artifact id: '9d1eae3cb339d9a31352bdb971c548ea') in 0.037568 seconds
  Import took 0.044914 seconds .

========================================================================
Received Prepare
Registering precompiled user dll's ...
Registered in 0.001569 seconds.
Begin MonoManager ReloadAssembly
Native extension for WindowsStandalone target not found
Refreshing native plugins compatible for Editor in 1.05 ms, found 0 plugins.
Preloading 0 native plugins for Editor in 0.00 ms.
Warning: Annotation not found!
UnityEngine.StackTraceUtility:ExtractStackTrace ()
UnityEditor.ProBuilder.EditorUtility:SetGizmoIconEnabled (System.Type,bool) (at Library/PackageCache/com.unity.probuilder@4.5.0/Editor/EditorCore/EditorUtility.cs:593)
UnityEditor.ProBuilder.HierarchyListener:.cctor () (at Library/PackageCache/com.unity.probuilder@4.5.0/Editor/EditorCore/HierarchyListener.cs:21)
System.Runtime.CompilerServices.RuntimeHelpers:RunClassConstructor (System.RuntimeTypeHandle)
UnityEditor.EditorAssemblies:ProcessInitializeOnLoadAttributes (System.Type[])

[Library/PackageCache/com.unity.probuilder@4.5.0/Editor/EditorCore/EditorUtility.cs line 593]

Invoked RoslynAnalysisRunner static constructor.
RoslynAnalysisRunner will not be running.
RoslynAnalysisRunner has terminated.
Mono: successfully reloaded assembly
- Completed reload, in  1.649 seconds
Platform modules already initialized, skipping
Shader 'Universal Render Pipeline/Particles/Lit': fallback shader 'Universal Render Pipeline/Particles/SimpleLit' not found
Shader 'Universal Render Pipeline/Particles/Lit': fallback shader 'Universal Render Pipeline/Particles/SimpleLit' not found
Refreshing native plugins compatible for Editor in 0.85 ms, found 0 plugins.
Preloading 0 native plugins for Editor in 0.00 ms.
Unloading 3314 Unused Serialized files (Serialized files now loaded: 0)
System memory in use before: 158.2 MB.
System memory in use after: 156.8 MB.

Unloading 37 unused Assets to reduce memory usage. Loaded Objects now: 4124.
Total: 6.894400 ms (FindLiveObjects: 0.594300 ms CreateObjectMapping: 0.284600 ms MarkObjects: 4.319400 ms  DeleteObjects: 1.694100 ms)

========================================================================
Received Prepare
Registering precompiled user dll's ...
Registered in 0.002933 seconds.
Begin MonoManager ReloadAssembly
Native extension for WindowsStandalone target not found
Refreshing native plugins compatible for Editor in 1.08 ms, found 0 plugins.
Preloading 0 native plugins for Editor in 0.00 ms.
Warning: Annotation not found!
UnityEngine.StackTraceUtility:ExtractStackTrace ()
UnityEditor.ProBuilder.EditorUtility:SetGizmoIconEnabled (System.Type,bool) (at Library/PackageCache/com.unity.probuilder@4.5.0/Editor/EditorCore/EditorUtility.cs:593)
UnityEditor.ProBuilder.HierarchyListener:.cctor () (at Library/PackageCache/com.unity.probuilder@4.5.0/Editor/EditorCore/HierarchyListener.cs:21)
System.Runtime.CompilerServices.RuntimeHelpers:RunClassConstructor (System.RuntimeTypeHandle)
UnityEditor.EditorAssemblies:ProcessInitializeOnLoadAttributes (System.Type[])

[Library/PackageCache/com.unity.probuilder@4.5.0/Editor/EditorCore/EditorUtility.cs line 593]

Invoked RoslynAnalysisRunner static constructor.
RoslynAnalysisRunner will not be running.
RoslynAnalysisRunner has terminated.
Mono: successfully reloaded assembly
- Completed reload, in  1.820 seconds
Platform modules already initialized, skipping
Shader 'Universal Render Pipeline/Particles/Lit': fallback shader 'Universal Render Pipeline/Particles/SimpleLit' not found
Shader 'Universal Render Pipeline/Particles/Lit': fallback shader 'Universal Render Pipeline/Particles/SimpleLit' not found
Refreshing native plugins compatible for Editor in 0.74 ms, found 0 plugins.
Preloading 0 native plugins for Editor in 0.00 ms.
Unloading 3314 Unused Serialized files (Serialized files now loaded: 0)
System memory in use before: 158.3 MB.
System memory in use after: 156.8 MB.

Unloading 37 unused Assets to reduce memory usage. Loaded Objects now: 4127.
Total: 6.161500 ms (FindLiveObjects: 0.588800 ms CreateObjectMapping: 0.140400 ms MarkObjects: 3.825200 ms  DeleteObjects: 1.605300 ms)

========================================================================
Received Prepare
Registering precompiled user dll's ...
Registered in 0.002060 seconds.
Begin MonoManager ReloadAssembly
Native extension for WindowsStandalone target not found
Refreshing native plugins compatible for Editor in 1.05 ms, found 0 plugins.
Preloading 0 native plugins for Editor in 0.00 ms.
Warning: Annotation not found!
UnityEngine.StackTraceUtility:ExtractStackTrace ()
UnityEditor.ProBuilder.EditorUtility:SetGizmoIconEnabled (System.Type,bool) (at Library/PackageCache/com.unity.probuilder@4.5.0/Editor/EditorCore/EditorUtility.cs:593)
UnityEditor.ProBuilder.HierarchyListener:.cctor () (at Library/PackageCache/com.unity.probuilder@4.5.0/Editor/EditorCore/HierarchyListener.cs:21)
System.Runtime.CompilerServices.RuntimeHelpers:RunClassConstructor (System.RuntimeTypeHandle)
UnityEditor.EditorAssemblies:ProcessInitializeOnLoadAttributes (System.Type[])

[Library/PackageCache/com.unity.probuilder@4.5.0/Editor/EditorCore/EditorUtility.cs line 593]

Invoked RoslynAnalysisRunner static constructor.
RoslynAnalysisRunner will not be running.
RoslynAnalysisRunner has terminated.
Mono: successfully reloaded assembly
- Completed reload, in  1.889 seconds
Platform modules already initialized, skipping
Shader 'Universal Render Pipeline/Particles/Lit': fallback shader 'Universal Render Pipeline/Particles/SimpleLit' not found
Shader 'Universal Render Pipeline/Particles/Lit': fallback shader 'Universal Render Pipeline/Particles/SimpleLit' not found
Refreshing native plugins compatible for Editor in 0.77 ms, found 0 plugins.
Preloading 0 native plugins for Editor in 0.00 ms.
Unloading 3314 Unused Serialized files (Serialized files now loaded: 0)
System memory in use before: 158.3 MB.
System memory in use after: 156.8 MB.

Unloading 37 unused Assets to reduce memory usage. Loaded Objects now: 4130.
Total: 8.168400 ms (FindLiveObjects: 0.541300 ms CreateObjectMapping: 0.244400 ms MarkObjects: 5.478200 ms  DeleteObjects: 1.901700 ms)

========================================================================
Received Prepare
Registering precompiled user dll's ...
Registered in 0.002763 seconds.
Begin MonoManager ReloadAssembly
Native extension for WindowsStandalone target not found
Refreshing native plugins compatible for Editor in 1.19 ms, found 0 plugins.
Preloading 0 native plugins for Editor in 0.00 ms.
Warning: Annotation not found!
UnityEngine.StackTraceUtility:ExtractStackTrace ()
UnityEditor.ProBuilder.EditorUtility:SetGizmoIconEnabled (System.Type,bool) (at Library/PackageCache/com.unity.probuilder@4.5.0/Editor/EditorCore/EditorUtility.cs:593)
UnityEditor.ProBuilder.HierarchyListener:.cctor () (at Library/PackageCache/com.unity.probuilder@4.5.0/Editor/EditorCore/HierarchyListener.cs:21)
System.Runtime.CompilerServices.RuntimeHelpers:RunClassConstructor (System.RuntimeTypeHandle)
UnityEditor.EditorAssemblies:ProcessInitializeOnLoadAttributes (System.Type[])

[Library/PackageCache/com.unity.probuilder@4.5.0/Editor/EditorCore/EditorUtility.cs line 593]

Invoked RoslynAnalysisRunner static constructor.
RoslynAnalysisRunner will not be running.
RoslynAnalysisRunner has terminated.
Mono: successfully reloaded assembly
- Completed reload, in  1.849 seconds
Platform modules already initialized, skipping
Shader 'Universal Render Pipeline/Particles/Lit': fallback shader 'Universal Render Pipeline/Particles/SimpleLit' not found
Shader 'Universal Render Pipeline/Particles/Lit': fallback shader 'Universal Render Pipeline/Particles/SimpleLit' not found
Refreshing native plugins compatible for Editor in 1.25 ms, found 0 plugins.
Preloading 0 native plugins for Editor in 0.00 ms.
Unloading 3314 Unused Serialized files (Serialized files now loaded: 0)
System memory in use before: 158.3 MB.
System memory in use after: 156.9 MB.

Unloading 37 unused Assets to reduce memory usage. Loaded Objects now: 4133.
Total: 6.488700 ms (FindLiveObjects: 0.534200 ms CreateObjectMapping: 0.177000 ms MarkObjects: 4.287100 ms  DeleteObjects: 1.488400 ms)

========================================================================
Received Prepare
Registering precompiled user dll's ...
Registered in 0.001771 seconds.
Begin MonoManager ReloadAssembly
Native extension for WindowsStandalone target not found
Refreshing native plugins compatible for Editor in 0.79 ms, found 0 plugins.
Preloading 0 native plugins for Editor in 0.00 ms.
Warning: Annotation not found!
UnityEngine.StackTraceUtility:ExtractStackTrace ()
UnityEditor.ProBuilder.EditorUtility:SetGizmoIconEnabled (System.Type,bool) (at Library/PackageCache/com.unity.probuilder@4.5.0/Editor/EditorCore/EditorUtility.cs:593)
UnityEditor.ProBuilder.HierarchyListener:.cctor () (at Library/PackageCache/com.unity.probuilder@4.5.0/Editor/EditorCore/HierarchyListener.cs:21)
System.Runtime.CompilerServices.RuntimeHelpers:RunClassConstructor (System.RuntimeTypeHandle)
UnityEditor.EditorAssemblies:ProcessInitializeOnLoadAttributes (System.Type[])

[Library/PackageCache/com.unity.probuilder@4.5.0/Editor/EditorCore/EditorUtility.cs line 593]

Invoked RoslynAnalysisRunner static constructor.
RoslynAnalysisRunner will not be running.
RoslynAnalysisRunner has terminated.
Mono: successfully reloaded assembly
- Completed reload, in  1.804 seconds
Platform modules already initialized, skipping
Shader 'Universal Render Pipeline/Particles/Lit': fallback shader 'Universal Render Pipeline/Particles/SimpleLit' not found
Shader 'Universal Render Pipeline/Particles/Lit': fallback shader 'Universal Render Pipeline/Particles/SimpleLit' not found
Refreshing native plugins compatible for Editor in 0.75 ms, found 0 plugins.
Preloading 0 native plugins for Editor in 0.00 ms.
Unloading 3314 Unused Serialized files (Serialized files now loaded: 0)
System memory in use before: 158.3 MB.
System memory in use after: 156.9 MB.

Unloading 37 unused Assets to reduce memory usage. Loaded Objects now: 4136.
Total: 8.565600 ms (FindLiveObjects: 0.938500 ms CreateObjectMapping: 0.377600 ms MarkObjects: 5.105900 ms  DeleteObjects: 2.139300 ms)

========================================================================
Received Prepare
Registering precompiled user dll's ...
Registered in 0.003011 seconds.
Begin MonoManager ReloadAssembly
Native extension for WindowsStandalone target not found
Refreshing native plugins compatible for Editor in 0.93 ms, found 0 plugins.
Preloading 0 native plugins for Editor in 0.00 ms.
Warning: Annotation not found!
UnityEngine.StackTraceUtility:ExtractStackTrace ()
UnityEditor.ProBuilder.EditorUtility:SetGizmoIconEnabled (System.Type,bool) (at Library/PackageCache/com.unity.probuilder@4.5.0/Editor/EditorCore/EditorUtility.cs:593)
UnityEditor.ProBuilder.HierarchyListener:.cctor () (at Library/PackageCache/com.unity.probuilder@4.5.0/Editor/EditorCore/HierarchyListener.cs:21)
System.Runtime.CompilerServices.RuntimeHelpers:RunClassConstructor (System.RuntimeTypeHandle)
UnityEditor.EditorAssemblies:ProcessInitializeOnLoadAttributes (System.Type[])

[Library/PackageCache/com.unity.probuilder@4.5.0/Editor/EditorCore/EditorUtility.cs line 593]

Invoked RoslynAnalysisRunner static constructor.
RoslynAnalysisRunner will not be running.
RoslynAnalysisRunner has terminated.
Mono: successfully reloaded assembly
- Completed reload, in  1.833 seconds
Platform modules already initialized, skipping
Shader 'Universal Render Pipeline/Particles/Lit': fallback shader 'Universal Render Pipeline/Particles/SimpleLit' not found
Shader 'Universal Render Pipeline/Particles/Lit': fallback shader 'Universal Render Pipeline/Particles/SimpleLit' not found
Refreshing native plugins compatible for Editor in 0.74 ms, found 0 plugins.
Preloading 0 native plugins for Editor in 0.00 ms.
Unloading 3314 Unused Serialized files (Serialized files now loaded: 0)
System memory in use before: 158.3 MB.
System memory in use after: 156.9 MB.

Unloading 37 unused Assets to reduce memory usage. Loaded Objects now: 4139.
Total: 12.619900 ms (FindLiveObjects: 1.339400 ms CreateObjectMapping: 0.632500 ms MarkObjects: 7.936000 ms  DeleteObjects: 2.708700 ms)

========================================================================
Received Prepare
Registering precompiled user dll's ...
Registered in 0.001644 seconds.
Begin MonoManager ReloadAssembly
Native extension for WindowsStandalone target not found
Refreshing native plugins compatible for Editor in 0.84 ms, found 0 plugins.
Preloading 0 native plugins for Editor in 0.00 ms.
Warning: Annotation not found!
UnityEngine.StackTraceUtility:ExtractStackTrace ()
UnityEditor.ProBuilder.EditorUtility:SetGizmoIconEnabled (System.Type,bool) (at Library/PackageCache/com.unity.probuilder@4.5.0/Editor/EditorCore/EditorUtility.cs:593)
UnityEditor.ProBuilder.HierarchyListener:.cctor () (at Library/PackageCache/com.unity.probuilder@4.5.0/Editor/EditorCore/HierarchyListener.cs:21)
System.Runtime.CompilerServices.RuntimeHelpers:RunClassConstructor (System.RuntimeTypeHandle)
UnityEditor.EditorAssemblies:ProcessInitializeOnLoadAttributes (System.Type[])

[Library/PackageCache/com.unity.probuilder@4.5.0/Editor/EditorCore/EditorUtility.cs line 593]

Invoked RoslynAnalysisRunner static constructor.
RoslynAnalysisRunner will not be running.
RoslynAnalysisRunner has terminated.
Mono: successfully reloaded assembly
- Completed reload, in  1.853 seconds
Platform modules already initialized, skipping
Shader 'Universal Render Pipeline/Particles/Lit': fallback shader 'Universal Render Pipeline/Particles/SimpleLit' not found
Shader 'Universal Render Pipeline/Particles/Lit': fallback shader 'Universal Render Pipeline/Particles/SimpleLit' not found
Refreshing native plugins compatible for Editor in 0.82 ms, found 0 plugins.
Preloading 0 native plugins for Editor in 0.00 ms.
Unloading 3314 Unused Serialized files (Serialized files now loaded: 0)
System memory in use before: 158.3 MB.
System memory in use after: 156.9 MB.

Unloading 37 unused Assets to reduce memory usage. Loaded Objects now: 4142.
Total: 8.229000 ms (FindLiveObjects: 0.673000 ms CreateObjectMapping: 0.234200 ms MarkObjects: 5.402200 ms  DeleteObjects: 1.917100 ms)

========================================================================
Received Prepare
Registering precompiled user dll's ...
Registered in 0.003323 seconds.
Begin MonoManager ReloadAssembly
Native extension for WindowsStandalone target not found
Refreshing native plugins compatible for Editor in 1.17 ms, found 0 plugins.
Preloading 0 native plugins for Editor in 0.00 ms.
Warning: Annotation not found!
UnityEngine.StackTraceUtility:ExtractStackTrace ()
UnityEditor.ProBuilder.EditorUtility:SetGizmoIconEnabled (System.Type,bool) (at Library/PackageCache/com.unity.probuilder@4.5.0/Editor/EditorCore/EditorUtility.cs:593)
UnityEditor.ProBuilder.HierarchyListener:.cctor () (at Library/PackageCache/com.unity.probuilder@4.5.0/Editor/EditorCore/HierarchyListener.cs:21)
System.Runtime.CompilerServices.RuntimeHelpers:RunClassConstructor (System.RuntimeTypeHandle)
UnityEditor.EditorAssemblies:ProcessInitializeOnLoadAttributes (System.Type[])

[Library/PackageCache/com.unity.probuilder@4.5.0/Editor/EditorCore/EditorUtility.cs line 593]

Invoked RoslynAnalysisRunner static constructor.
RoslynAnalysisRunner will not be running.
RoslynAnalysisRunner has terminated.
Mono: successfully reloaded assembly
- Completed reload, in  1.763 seconds
Platform modules already initialized, skipping
Shader 'Universal Render Pipeline/Particles/Lit': fallback shader 'Universal Render Pipeline/Particles/SimpleLit' not found
Shader 'Universal Render Pipeline/Particles/Lit': fallback shader 'Universal Render Pipeline/Particles/SimpleLit' not found
Refreshing native plugins compatible for Editor in 0.76 ms, found 0 plugins.
Preloading 0 native plugins for Editor in 0.00 ms.
Unloading 3314 Unused Serialized files (Serialized files now loaded: 0)
System memory in use before: 158.3 MB.
System memory in use after: 156.9 MB.

Unloading 37 unused Assets to reduce memory usage. Loaded Objects now: 4145.
Total: 8.122100 ms (FindLiveObjects: 0.921800 ms CreateObjectMapping: 0.292700 ms MarkObjects: 5.086700 ms  DeleteObjects: 1.816600 ms)

========================================================================
Received Prepare
Registering precompiled user dll's ...
Registered in 0.004884 seconds.
Begin MonoManager ReloadAssembly
Native extension for WindowsStandalone target not found
Refreshing native plugins compatible for Editor in 0.74 ms, found 0 plugins.
Preloading 0 native plugins for Editor in 0.00 ms.
Warning: Annotation not found!
UnityEngine.StackTraceUtility:ExtractStackTrace ()
UnityEditor.ProBuilder.EditorUtility:SetGizmoIconEnabled (System.Type,bool) (at Library/PackageCache/com.unity.probuilder@4.5.0/Editor/EditorCore/EditorUtility.cs:593)
UnityEditor.ProBuilder.HierarchyListener:.cctor () (at Library/PackageCache/com.unity.probuilder@4.5.0/Editor/EditorCore/HierarchyListener.cs:21)
System.Runtime.CompilerServices.RuntimeHelpers:RunClassConstructor (System.RuntimeTypeHandle)
UnityEditor.EditorAssemblies:ProcessInitializeOnLoadAttributes (System.Type[])

[Library/PackageCache/com.unity.probuilder@4.5.0/Editor/EditorCore/EditorUtility.cs line 593]

Invoked RoslynAnalysisRunner static constructor.
RoslynAnalysisRunner will not be running.
RoslynAnalysisRunner has terminated.
Mono: successfully reloaded assembly
- Completed reload, in  2.334 seconds
Platform modules already initialized, skipping
Shader 'Universal Render Pipeline/Particles/Lit': fallback shader 'Universal Render Pipeline/Particles/SimpleLit' not found
Shader 'Universal Render Pipeline/Particles/Lit': fallback shader 'Universal Render Pipeline/Particles/SimpleLit' not found
Refreshing native plugins compatible for Editor in 1.16 ms, found 0 plugins.
Preloading 0 native plugins for Editor in 0.00 ms.
Unloading 3314 Unused Serialized files (Serialized files now loaded: 0)
System memory in use before: 158.3 MB.
System memory in use after: 156.9 MB.

Unloading 37 unused Assets to reduce memory usage. Loaded Objects now: 4148.
Total: 7.104400 ms (FindLiveObjects: 0.477900 ms CreateObjectMapping: 0.119500 ms MarkObjects: 4.372600 ms  DeleteObjects: 2.131900 ms)

========================================================================
Received Prepare
Registering precompiled user dll's ...
Registered in 0.002199 seconds.
Begin MonoManager ReloadAssembly
Native extension for WindowsStandalone target not found
Refreshing native plugins compatible for Editor in 1.04 ms, found 0 plugins.
Preloading 0 native plugins for Editor in 0.00 ms.
Warning: Annotation not found!
UnityEngine.StackTraceUtility:ExtractStackTrace ()
UnityEditor.ProBuilder.EditorUtility:SetGizmoIconEnabled (System.Type,bool) (at Library/PackageCache/com.unity.probuilder@4.5.0/Editor/EditorCore/EditorUtility.cs:593)
UnityEditor.ProBuilder.HierarchyListener:.cctor () (at Library/PackageCache/com.unity.probuilder@4.5.0/Editor/EditorCore/HierarchyListener.cs:21)
System.Runtime.CompilerServices.RuntimeHelpers:RunClassConstructor (System.RuntimeTypeHandle)
UnityEditor.EditorAssemblies:ProcessInitializeOnLoadAttributes (System.Type[])

[Library/PackageCache/com.unity.probuilder@4.5.0/Editor/EditorCore/EditorUtility.cs line 593]

Invoked RoslynAnalysisRunner static constructor.
RoslynAnalysisRunner will not be running.
RoslynAnalysisRunner has terminated.
Mono: successfully reloaded assembly
- Completed reload, in  1.854 seconds
Platform modules already initialized, skipping
Shader 'Universal Render Pipeline/Particles/Lit': fallback shader 'Universal Render Pipeline/Particles/SimpleLit' not found
Shader 'Universal Render Pipeline/Particles/Lit': fallback shader 'Universal Render Pipeline/Particles/SimpleLit' not found
Refreshing native plugins compatible for Editor in 1.10 ms, found 0 plugins.
Preloading 0 native plugins for Editor in 0.00 ms.
Unloading 3314 Unused Serialized files (Serialized files now loaded: 0)
System memory in use before: 158.4 MB.
System memory in use after: 156.9 MB.

Unloading 37 unused Assets to reduce memory usage. Loaded Objects now: 4151.
Total: 7.673400 ms (FindLiveObjects: 0.673900 ms CreateObjectMapping: 0.217500 ms MarkObjects: 5.098000 ms  DeleteObjects: 1.681800 ms)

========================================================================
Received Prepare
Registering precompiled user dll's ...
Registered in 0.001632 seconds.
Begin MonoManager ReloadAssembly
Native extension for WindowsStandalone target not found
Refreshing native plugins compatible for Editor in 1.09 ms, found 0 plugins.
Preloading 0 native plugins for Editor in 0.00 ms.
Warning: Annotation not found!
UnityEngine.StackTraceUtility:ExtractStackTrace ()
UnityEditor.ProBuilder.EditorUtility:SetGizmoIconEnabled (System.Type,bool) (at Library/PackageCache/com.unity.probuilder@4.5.0/Editor/EditorCore/EditorUtility.cs:593)
UnityEditor.ProBuilder.HierarchyListener:.cctor () (at Library/PackageCache/com.unity.probuilder@4.5.0/Editor/EditorCore/HierarchyListener.cs:21)
System.Runtime.CompilerServices.RuntimeHelpers:RunClassConstructor (System.RuntimeTypeHandle)
UnityEditor.EditorAssemblies:ProcessInitializeOnLoadAttributes (System.Type[])

[Library/PackageCache/com.unity.probuilder@4.5.0/Editor/EditorCore/EditorUtility.cs line 593]

Invoked RoslynAnalysisRunner static constructor.
RoslynAnalysisRunner will not be running.
RoslynAnalysisRunner has terminated.
Mono: successfully reloaded assembly
- Completed reload, in  1.519 seconds
Platform modules already initialized, skipping
Shader 'Universal Render Pipeline/Particles/Lit': fallback shader 'Universal Render Pipeline/Particles/SimpleLit' not found
Shader 'Universal Render Pipeline/Particles/Lit': fallback shader 'Universal Render Pipeline/Particles/SimpleLit' not found
Refreshing native plugins compatible for Editor in 0.74 ms, found 0 plugins.
Preloading 0 native plugins for Editor in 0.00 ms.
Unloading 3314 Unused Serialized files (Serialized files now loaded: 0)
System memory in use before: 158.4 MB.
System memory in use after: 156.9 MB.

Unloading 37 unused Assets to reduce memory usage. Loaded Objects now: 4154.
Total: 6.759200 ms (FindLiveObjects: 0.515300 ms CreateObjectMapping: 0.169800 ms MarkObjects: 4.544900 ms  DeleteObjects: 1.527400 ms)

========================================================================
Received Prepare
Registering precompiled user dll's ...
Registered in 0.002000 seconds.
Begin MonoManager ReloadAssembly
Native extension for WindowsStandalone target not found
Refreshing native plugins compatible for Editor in 0.71 ms, found 0 plugins.
Preloading 0 native plugins for Editor in 0.00 ms.
Warning: Annotation not found!
UnityEngine.StackTraceUtility:ExtractStackTrace ()
UnityEditor.ProBuilder.EditorUtility:SetGizmoIconEnabled (System.Type,bool) (at Library/PackageCache/com.unity.probuilder@4.5.0/Editor/EditorCore/EditorUtility.cs:593)
UnityEditor.ProBuilder.HierarchyListener:.cctor () (at Library/PackageCache/com.unity.probuilder@4.5.0/Editor/EditorCore/HierarchyListener.cs:21)
System.Runtime.CompilerServices.RuntimeHelpers:RunClassConstructor (System.RuntimeTypeHandle)
UnityEditor.EditorAssemblies:ProcessInitializeOnLoadAttributes (System.Type[])

[Library/PackageCache/com.unity.probuilder@4.5.0/Editor/EditorCore/EditorUtility.cs line 593]

Invoked RoslynAnalysisRunner static constructor.
RoslynAnalysisRunner will not be running.
RoslynAnalysisRunner has terminated.
Mono: successfully reloaded assembly
- Completed reload, in  1.731 seconds
Platform modules already initialized, skipping
Shader 'Universal Render Pipeline/Particles/Lit': fallback shader 'Universal Render Pipeline/Particles/SimpleLit' not found
Shader 'Universal Render Pipeline/Particles/Lit': fallback shader 'Universal Render Pipeline/Particles/SimpleLit' not found
Refreshing native plugins compatible for Editor in 0.67 ms, found 0 plugins.
Preloading 0 native plugins for Editor in 0.00 ms.
Unloading 3314 Unused Serialized files (Serialized files now loaded: 0)
System memory in use before: 158.4 MB.
System memory in use after: 156.9 MB.

Unloading 37 unused Assets to reduce memory usage. Loaded Objects now: 4157.
Total: 7.709300 ms (FindLiveObjects: 0.543200 ms CreateObjectMapping: 0.208800 ms MarkObjects: 4.655200 ms  DeleteObjects: 2.299100 ms)

========================================================================
Received Prepare
Registering precompiled user dll's ...
Registered in 0.001765 seconds.
Begin MonoManager ReloadAssembly
Native extension for WindowsStandalone target not found
Refreshing native plugins compatible for Editor in 0.77 ms, found 0 plugins.
Preloading 0 native plugins for Editor in 0.00 ms.
Warning: Annotation not found!
UnityEngine.StackTraceUtility:ExtractStackTrace ()
UnityEditor.ProBuilder.EditorUtility:SetGizmoIconEnabled (System.Type,bool) (at Library/PackageCache/com.unity.probuilder@4.5.0/Editor/EditorCore/EditorUtility.cs:593)
UnityEditor.ProBuilder.HierarchyListener:.cctor () (at Library/PackageCache/com.unity.probuilder@4.5.0/Editor/EditorCore/HierarchyListener.cs:21)
System.Runtime.CompilerServices.RuntimeHelpers:RunClassConstructor (System.RuntimeTypeHandle)
UnityEditor.EditorAssemblies:ProcessInitializeOnLoadAttributes (System.Type[])

[Library/PackageCache/com.unity.probuilder@4.5.0/Editor/EditorCore/EditorUtility.cs line 593]

Invoked RoslynAnalysisRunner static constructor.
RoslynAnalysisRunner will not be running.
RoslynAnalysisRunner has terminated.
Mono: successfully reloaded assembly
- Completed reload, in  1.582 seconds
Platform modules already initialized, skipping
Shader 'Universal Render Pipeline/Particles/Lit': fallback shader 'Universal Render Pipeline/Particles/SimpleLit' not found
Shader 'Universal Render Pipeline/Particles/Lit': fallback shader 'Universal Render Pipeline/Particles/SimpleLit' not found
Refreshing native plugins compatible for Editor in 0.78 ms, found 0 plugins.
Preloading 0 native plugins for Editor in 0.00 ms.
Unloading 3314 Unused Serialized files (Serialized files now loaded: 0)
System memory in use before: 158.4 MB.
System memory in use after: 157.0 MB.

Unloading 37 unused Assets to reduce memory usage. Loaded Objects now: 4160.
Total: 8.115400 ms (FindLiveObjects: 0.650700 ms CreateObjectMapping: 0.386500 ms MarkObjects: 5.429600 ms  DeleteObjects: 1.646900 ms)

========================================================================
Received Prepare
Registering precompiled user dll's ...
Registered in 0.001489 seconds.
Begin MonoManager ReloadAssembly
Native extension for WindowsStandalone target not found
Refreshing native plugins compatible for Editor in 0.74 ms, found 0 plugins.
Preloading 0 native plugins for Editor in 0.00 ms.
Warning: Annotation not found!
UnityEngine.StackTraceUtility:ExtractStackTrace ()
UnityEditor.ProBuilder.EditorUtility:SetGizmoIconEnabled (System.Type,bool) (at Library/PackageCache/com.unity.probuilder@4.5.0/Editor/EditorCore/EditorUtility.cs:593)
UnityEditor.ProBuilder.HierarchyListener:.cctor () (at Library/PackageCache/com.unity.probuilder@4.5.0/Editor/EditorCore/HierarchyListener.cs:21)
System.Runtime.CompilerServices.RuntimeHelpers:RunClassConstructor (System.RuntimeTypeHandle)
UnityEditor.EditorAssemblies:ProcessInitializeOnLoadAttributes (System.Type[])

[Library/PackageCache/com.unity.probuilder@4.5.0/Editor/EditorCore/EditorUtility.cs line 593]

Invoked RoslynAnalysisRunner static constructor.
RoslynAnalysisRunner will not be running.
RoslynAnalysisRunner has terminated.
Mono: successfully reloaded assembly
- Completed reload, in  1.628 seconds
Platform modules already initialized, skipping
Shader 'Universal Render Pipeline/Particles/Lit': fallback shader 'Universal Render Pipeline/Particles/SimpleLit' not found
Shader 'Universal Render Pipeline/Particles/Lit': fallback shader 'Universal Render Pipeline/Particles/SimpleLit' not found
Refreshing native plugins compatible for Editor in 0.73 ms, found 0 plugins.
Preloading 0 native plugins for Editor in 0.00 ms.
Unloading 3314 Unused Serialized files (Serialized files now loaded: 0)
System memory in use before: 158.4 MB.
System memory in use after: 157.0 MB.

Unloading 37 unused Assets to reduce memory usage. Loaded Objects now: 4163.
Total: 7.451000 ms (FindLiveObjects: 0.544900 ms CreateObjectMapping: 0.213200 ms MarkObjects: 4.996800 ms  DeleteObjects: 1.694000 ms)

========================================================================
Received Prepare
Registering precompiled user dll's ...
Registered in 0.001678 seconds.
Begin MonoManager ReloadAssembly
Native extension for WindowsStandalone target not found
Refreshing native plugins compatible for Editor in 0.82 ms, found 0 plugins.
Preloading 0 native plugins for Editor in 0.00 ms.
Warning: Annotation not found!
UnityEngine.StackTraceUtility:ExtractStackTrace ()
UnityEditor.ProBuilder.EditorUtility:SetGizmoIconEnabled (System.Type,bool) (at Library/PackageCache/com.unity.probuilder@4.5.0/Editor/EditorCore/EditorUtility.cs:593)
UnityEditor.ProBuilder.HierarchyListener:.cctor () (at Library/PackageCache/com.unity.probuilder@4.5.0/Editor/EditorCore/HierarchyListener.cs:21)
System.Runtime.CompilerServices.RuntimeHelpers:RunClassConstructor (System.RuntimeTypeHandle)
UnityEditor.EditorAssemblies:ProcessInitializeOnLoadAttributes (System.Type[])

[Library/PackageCache/com.unity.probuilder@4.5.0/Editor/EditorCore/EditorUtility.cs line 593]

Invoked RoslynAnalysisRunner static constructor.
RoslynAnalysisRunner will not be running.
RoslynAnalysisRunner has terminated.
Mono: successfully reloaded assembly
- Completed reload, in  1.607 seconds
Platform modules already initialized, skipping
Shader 'Universal Render Pipeline/Particles/Lit': fallback shader 'Universal Render Pipeline/Particles/SimpleLit' not found
Shader 'Universal Render Pipeline/Particles/Lit': fallback shader 'Universal Render Pipeline/Particles/SimpleLit' not found
Refreshing native plugins compatible for Editor in 0.73 ms, found 0 plugins.
Preloading 0 native plugins for Editor in 0.00 ms.
Unloading 3314 Unused Serialized files (Serialized files now loaded: 0)
System memory in use before: 158.4 MB.
System memory in use after: 157.0 MB.

Unloading 37 unused Assets to reduce memory usage. Loaded Objects now: 4166.
Total: 6.905000 ms (FindLiveObjects: 0.490500 ms CreateObjectMapping: 0.154300 ms MarkObjects: 4.674500 ms  DeleteObjects: 1.583600 ms)

========================================================================
Received Prepare
Registering precompiled user dll's ...
Registered in 0.002909 seconds.
Begin MonoManager ReloadAssembly
Native extension for WindowsStandalone target not found
Refreshing native plugins compatible for Editor in 0.86 ms, found 0 plugins.
Preloading 0 native plugins for Editor in 0.00 ms.
Warning: Annotation not found!
UnityEngine.StackTraceUtility:ExtractStackTrace ()
UnityEditor.ProBuilder.EditorUtility:SetGizmoIconEnabled (System.Type,bool) (at Library/PackageCache/com.unity.probuilder@4.5.0/Editor/EditorCore/EditorUtility.cs:593)
UnityEditor.ProBuilder.HierarchyListener:.cctor () (at Library/PackageCache/com.unity.probuilder@4.5.0/Editor/EditorCore/HierarchyListener.cs:21)
System.Runtime.CompilerServices.RuntimeHelpers:RunClassConstructor (System.RuntimeTypeHandle)
UnityEditor.EditorAssemblies:ProcessInitializeOnLoadAttributes (System.Type[])

[Library/PackageCache/com.unity.probuilder@4.5.0/Editor/EditorCore/EditorUtility.cs line 593]

Invoked RoslynAnalysisRunner static constructor.
RoslynAnalysisRunner will not be running.
RoslynAnalysisRunner has terminated.
Mono: successfully reloaded assembly
- Completed reload, in  1.664 seconds
Platform modules already initialized, skipping
Shader 'Universal Render Pipeline/Particles/Lit': fallback shader 'Universal Render Pipeline/Particles/SimpleLit' not found
Shader 'Universal Render Pipeline/Particles/Lit': fallback shader 'Universal Render Pipeline/Particles/SimpleLit' not found
Refreshing native plugins compatible for Editor in 0.74 ms, found 0 plugins.
Preloading 0 native plugins for Editor in 0.00 ms.
Unloading 3314 Unused Serialized files (Serialized files now loaded: 0)
System memory in use before: 158.4 MB.
System memory in use after: 157.0 MB.

Unloading 37 unused Assets to reduce memory usage. Loaded Objects now: 4169.
Total: 8.275200 ms (FindLiveObjects: 0.547200 ms CreateObjectMapping: 0.268200 ms MarkObjects: 5.161000 ms  DeleteObjects: 2.296400 ms)

========================================================================
Received Prepare
Registering precompiled user dll's ...
Registered in 0.001516 seconds.
Begin MonoManager ReloadAssembly
Native extension for WindowsStandalone target not found
Refreshing native plugins compatible for Editor in 0.66 ms, found 0 plugins.
Preloading 0 native plugins for Editor in 0.00 ms.
Warning: Annotation not found!
UnityEngine.StackTraceUtility:ExtractStackTrace ()
UnityEditor.ProBuilder.EditorUtility:SetGizmoIconEnabled (System.Type,bool) (at Library/PackageCache/com.unity.probuilder@4.5.0/Editor/EditorCore/EditorUtility.cs:593)
UnityEditor.ProBuilder.HierarchyListener:.cctor () (at Library/PackageCache/com.unity.probuilder@4.5.0/Editor/EditorCore/HierarchyListener.cs:21)
System.Runtime.CompilerServices.RuntimeHelpers:RunClassConstructor (System.RuntimeTypeHandle)
UnityEditor.EditorAssemblies:ProcessInitializeOnLoadAttributes (System.Type[])

[Library/PackageCache/com.unity.probuilder@4.5.0/Editor/EditorCore/EditorUtility.cs line 593]

Invoked RoslynAnalysisRunner static constructor.
RoslynAnalysisRunner will not be running.
RoslynAnalysisRunner has terminated.
Mono: successfully reloaded assembly
- Completed reload, in  1.766 seconds
Platform modules already initialized, skipping
Shader 'Universal Render Pipeline/Particles/Lit': fallback shader 'Universal Render Pipeline/Particles/SimpleLit' not found
Shader 'Universal Render Pipeline/Particles/Lit': fallback shader 'Universal Render Pipeline/Particles/SimpleLit' not found
Refreshing native plugins compatible for Editor in 0.66 ms, found 0 plugins.
Preloading 0 native plugins for Editor in 0.00 ms.
Unloading 3314 Unused Serialized files (Serialized files now loaded: 0)
System memory in use before: 158.4 MB.
System memory in use after: 157.0 MB.

Unloading 37 unused Assets to reduce memory usage. Loaded Objects now: 4172.
Total: 6.707200 ms (FindLiveObjects: 0.490900 ms CreateObjectMapping: 0.165800 ms MarkObjects: 4.666300 ms  DeleteObjects: 1.382200 ms)

========================================================================
Received Import Request.
  Time since last request: 6782.805229 seconds.
  path: Assets/Scripts/TerrainSurface.cs
  artifactKey: Guid(609d81a83ba4ae348855fa72fa4ed154) Importer(815301076,1909f56bfc062723c751e8b465ee728b)
Start importing Assets/Scripts/TerrainSurface.cs using Guid(609d81a83ba4ae348855fa72fa4ed154) Importer(815301076,1909f56bfc062723c751e8b465ee728b)  -> (artifact id: '5bc31eb0582b0855fe5bcc6a5398ffbc') in 0.052593 seconds
  Import took 0.063965 seconds .

========================================================================
Received Import Request.
  Time since last request: 0.002885 seconds.
  path: Assets/Scripts/TerrainSurface.cs
  artifactKey: Guid(609d81a83ba4ae348855fa72fa4ed154) Importer(815301076,1909f56bfc062723c751e8b465ee728b)
Start importing Assets/Scripts/TerrainSurface.cs using Guid(609d81a83ba4ae348855fa72fa4ed154) Importer(815301076,1909f56bfc062723c751e8b465ee728b)  -> (artifact id: '5bc31eb0582b0855fe5bcc6a5398ffbc') in 0.034319 seconds
  Import took 0.044442 seconds .

========================================================================
Received Prepare
Registering precompiled user dll's ...
Registered in 0.002697 seconds.
Begin MonoManager ReloadAssembly
Native extension for WindowsStandalone target not found
Refreshing native plugins compatible for Editor in 0.66 ms, found 0 plugins.
Preloading 0 native plugins for Editor in 0.00 ms.
Warning: Annotation not found!
UnityEngine.StackTraceUtility:ExtractStackTrace ()
UnityEditor.ProBuilder.EditorUtility:SetGizmoIconEnabled (System.Type,bool) (at Library/PackageCache/com.unity.probuilder@4.5.0/Editor/EditorCore/EditorUtility.cs:593)
UnityEditor.ProBuilder.HierarchyListener:.cctor () (at Library/PackageCache/com.unity.probuilder@4.5.0/Editor/EditorCore/HierarchyListener.cs:21)
System.Runtime.CompilerServices.RuntimeHelpers:RunClassConstructor (System.RuntimeTypeHandle)
UnityEditor.EditorAssemblies:ProcessInitializeOnLoadAttributes (System.Type[])

[Library/PackageCache/com.unity.probuilder@4.5.0/Editor/EditorCore/EditorUtility.cs line 593]

Invoked RoslynAnalysisRunner static constructor.
RoslynAnalysisRunner will not be running.
RoslynAnalysisRunner has terminated.
Mono: successfully reloaded assembly
- Completed reload, in  1.627 seconds
Platform modules already initialized, skipping
Shader 'Universal Render Pipeline/Particles/Lit': fallback shader 'Universal Render Pipeline/Particles/SimpleLit' not found
Shader 'Universal Render Pipeline/Particles/Lit': fallback shader 'Universal Render Pipeline/Particles/SimpleLit' not found
Refreshing native plugins compatible for Editor in 0.65 ms, found 0 plugins.
Preloading 0 native plugins for Editor in 0.00 ms.
Unloading 3315 Unused Serialized files (Serialized files now loaded: 0)
System memory in use before: 158.5 MB.
System memory in use after: 157.0 MB.

Unloading 37 unused Assets to reduce memory usage. Loaded Objects now: 4176.
Total: 7.496800 ms (FindLiveObjects: 0.723400 ms CreateObjectMapping: 0.324400 ms MarkObjects: 4.926200 ms  DeleteObjects: 1.520700 ms)

========================================================================
Received Import Request.
  Time since last request: 104.682887 seconds.
  path: Assets/Scripts/TerrainSurface.cs
  artifactKey: Guid(609d81a83ba4ae348855fa72fa4ed154) Importer(815301076,1909f56bfc062723c751e8b465ee728b)
Start importing Assets/Scripts/TerrainSurface.cs using Guid(609d81a83ba4ae348855fa72fa4ed154) Importer(815301076,1909f56bfc062723c751e8b465ee728b)  -> (artifact id: 'b944250eb912b6b97a83001e25be71e9') in 0.037800 seconds
  Import took 0.044779 seconds .

========================================================================
Received Import Request.
  Time since last request: 360.990026 seconds.
  path: Assets/Scripts/TerrainSurface.cs
  artifactKey: Guid(609d81a83ba4ae348855fa72fa4ed154) Importer(815301076,1909f56bfc062723c751e8b465ee728b)
Start importing Assets/Scripts/TerrainSurface.cs using Guid(609d81a83ba4ae348855fa72fa4ed154) Importer(815301076,1909f56bfc062723c751e8b465ee728b)  -> (artifact id: '191ba75b0b5ceb2dc293e85ebd8e1040') in 0.033806 seconds
  Import took 0.040453 seconds .

========================================================================
Received Prepare
Registering precompiled user dll's ...
Registered in 0.002707 seconds.
Begin MonoManager ReloadAssembly
Native extension for WindowsStandalone target not found
Refreshing native plugins compatible for Editor in 1.31 ms, found 0 plugins.
Preloading 0 native plugins for Editor in 0.00 ms.
Warning: Annotation not found!
UnityEngine.StackTraceUtility:ExtractStackTrace ()
UnityEditor.ProBuilder.EditorUtility:SetGizmoIconEnabled (System.Type,bool) (at Library/PackageCache/com.unity.probuilder@4.5.0/Editor/EditorCore/EditorUtility.cs:593)
UnityEditor.ProBuilder.HierarchyListener:.cctor () (at Library/PackageCache/com.unity.probuilder@4.5.0/Editor/EditorCore/HierarchyListener.cs:21)
System.Runtime.CompilerServices.RuntimeHelpers:RunClassConstructor (System.RuntimeTypeHandle)
UnityEditor.EditorAssemblies:ProcessInitializeOnLoadAttributes (System.Type[])

[Library/PackageCache/com.unity.probuilder@4.5.0/Editor/EditorCore/EditorUtility.cs line 593]

Invoked RoslynAnalysisRunner static constructor.
RoslynAnalysisRunner will not be running.
RoslynAnalysisRunner has terminated.
Mono: successfully reloaded assembly
- Completed reload, in  1.802 seconds
Platform modules already initialized, skipping
Shader 'Universal Render Pipeline/Particles/Lit': fallback shader 'Universal Render Pipeline/Particles/SimpleLit' not found
Shader 'Universal Render Pipeline/Particles/Lit': fallback shader 'Universal Render Pipeline/Particles/SimpleLit' not found
Refreshing native plugins compatible for Editor in 0.68 ms, found 0 plugins.
Preloading 0 native plugins for Editor in 0.00 ms.
Unloading 3314 Unused Serialized files (Serialized files now loaded: 0)
System memory in use before: 158.5 MB.
System memory in use after: 157.0 MB.

Unloading 38 unused Assets to reduce memory usage. Loaded Objects now: 4178.
Total: 7.172400 ms (FindLiveObjects: 0.527500 ms CreateObjectMapping: 0.156400 ms MarkObjects: 4.813500 ms  DeleteObjects: 1.672300 ms)

