Using pre-set license
Built from '2020.3/staging' branch; Version is '2020.3.0f1 (c7b5465681fb) revision 13088070'; Using compiler version '192528614'; Build Type 'Release'
OS: 'Windows 10 Home; OS build 19043.1288; Version 2009; 64bit' Language: 'en' Physical Memory: 16193 MB
BatchMode: 1, IsHumanControllingUs: 0, StartBugReporterOnCrash: 0, Is64bit: 1, IsPro: 0

 COMMAND LINE ARGUMENTS:
D:\UnityProjects\Editors\2020.3.0f1\Editor\Unity.exe
-adb2
-batchMode
-noUpm
-name
AssetImportWorker1
-projectPath
D:/UnityProjects/Projects/ProjectFroggy
-logFile
Logs/AssetImportWorker1.log
-srvPort
57392
Successfully changed project path to: D:/UnityProjects/Projects/ProjectFroggy
D:/UnityProjects/Projects/ProjectFroggy
Using Asset Import Pipeline V2.
Refreshing native plugins compatible for Editor in 91.34 ms, found 0 plugins.
Preloading 0 native plugins for Editor in 0.00 ms.
Initialize engine version: 2020.3.0f1 (c7b5465681fb)
[Subsystems] Discovering subsystems at path D:/UnityProjects/Editors/2020.3.0f1/Editor/Data/Resources/UnitySubsystems
[Subsystems] Discovering subsystems at path D:/UnityProjects/Projects/ProjectFroggy/Assets
GfxDevice: creating device client; threaded=0
Direct3D:
    Version:  Direct3D 11.0 [level 11.1]
    Renderer: NVIDIA GeForce GTX 1650 (ID=0x1f91)
    Vendor:   
    VRAM:     3962 MB
    Driver:   27.21.14.5763
Initialize mono
Mono path[0] = 'D:/UnityProjects/Editors/2020.3.0f1/Editor/Data/Managed'
Mono path[1] = 'D:/UnityProjects/Editors/2020.3.0f1/Editor/Data/MonoBleedingEdge/lib/mono/unityjit'
Mono config path = 'D:/UnityProjects/Editors/2020.3.0f1/Editor/Data/MonoBleedingEdge/etc'
Using monoOptions --debugger-agent=transport=dt_socket,embedding=1,server=y,suspend=n,address=127.0.0.1:56672
Begin MonoManager ReloadAssembly
Registering precompiled unity dll's ...
Register platform support module: D:/UnityProjects/Editors/2020.3.0f1/Editor/Data/PlaybackEngines/WindowsStandaloneSupport/UnityEditor.WindowsStandalone.Extensions.dll
Registered in 0.003543 seconds.
Native extension for WindowsStandalone target not found
Refreshing native plugins compatible for Editor in 109.77 ms, found 0 plugins.
Preloading 0 native plugins for Editor in 0.00 ms.
Invoked RoslynAnalysisRunner static constructor.
RoslynAnalysisRunner will not be running.
RoslynAnalysisRunner has terminated.
Mono: successfully reloaded assembly
- Completed reload, in  1.678 seconds
Platform modules already initialized, skipping
Registering precompiled user dll's ...
Registered in 0.002697 seconds.
Begin MonoManager ReloadAssembly
Native extension for WindowsStandalone target not found
Refreshing native plugins compatible for Editor in 96.10 ms, found 0 plugins.
Preloading 0 native plugins for Editor in 0.00 ms.
Invoked RoslynAnalysisRunner static constructor.
RoslynAnalysisRunner will not be running.
RoslynAnalysisRunner has terminated.
Mono: successfully reloaded assembly
- Completed reload, in  2.565 seconds
Platform modules already initialized, skipping
========================================================================
Worker process is ready to serve import requests
Shader 'Universal Render Pipeline/Particles/Lit': fallback shader 'Universal Render Pipeline/Particles/SimpleLit' not found
Shader 'Universal Render Pipeline/Particles/Lit': fallback shader 'Universal Render Pipeline/Particles/SimpleLit' not found
Launched and connected shader compiler UnityShaderCompiler.exe after 0.10 seconds
Refreshing native plugins compatible for Editor in 0.76 ms, found 0 plugins.
Preloading 0 native plugins for Editor in 0.00 ms.
Unloading 3785 Unused Serialized files (Serialized files now loaded: 0)
System memory in use before: 181.3 MB.
System memory in use after: 179.8 MB.

Unloading 183 unused Assets to reduce memory usage. Loaded Objects now: 4230.
Total: 5.948100 ms (FindLiveObjects: 0.486000 ms CreateObjectMapping: 0.521100 ms MarkObjects: 3.765300 ms  DeleteObjects: 1.173900 ms)

========================================================================
Received Import Request.
  path: Assets/Settings/Controllers/PlayerControls.inputactions
  artifactKey: Guid(d1e83e5fd22486649bd434eadd07da79) Importer(815301076,1909f56bfc062723c751e8b465ee728b)
Start importing Assets/Settings/Controllers/PlayerControls.inputactions using Guid(d1e83e5fd22486649bd434eadd07da79) Importer(815301076,1909f56bfc062723c751e8b465ee728b)  -> (artifact id: '1219c7f20abc0403cc81dbfe5bdae2be') in 0.120763 seconds
  Import took 0.133936 seconds .

========================================================================
Received Import Request.
  Time since last request: 502.378911 seconds.
  path: Assets/Settings/Controllers/PlayerControls.inputactions
  artifactKey: Guid(d1e83e5fd22486649bd434eadd07da79) Importer(815301076,1909f56bfc062723c751e8b465ee728b)
Start importing Assets/Settings/Controllers/PlayerControls.inputactions using Guid(d1e83e5fd22486649bd434eadd07da79) Importer(815301076,1909f56bfc062723c751e8b465ee728b)  -> (artifact id: 'd5d4b2af9c7c354f7c43e4e61f85227d') in 0.040447 seconds
  Import took 0.054783 seconds .

========================================================================
Received Import Request.
  Time since last request: 0.154120 seconds.
  path: Assets/Settings/Controllers/PlayerControls.inputactions
  artifactKey: Guid(d1e83e5fd22486649bd434eadd07da79) Importer(815301076,1909f56bfc062723c751e8b465ee728b)
Start importing Assets/Settings/Controllers/PlayerControls.inputactions using Guid(d1e83e5fd22486649bd434eadd07da79) Importer(815301076,1909f56bfc062723c751e8b465ee728b)  -> (artifact id: 'd5d4b2af9c7c354f7c43e4e61f85227d') in 0.036099 seconds
  Import took 0.044067 seconds .

========================================================================
Received Prepare
Registering precompiled user dll's ...
Registered in 0.002684 seconds.
Begin MonoManager ReloadAssembly
Native extension for WindowsStandalone target not found
Refreshing native plugins compatible for Editor in 0.99 ms, found 0 plugins.
Preloading 0 native plugins for Editor in 0.00 ms.
Warning: Annotation not found!
UnityEngine.StackTraceUtility:ExtractStackTrace ()
UnityEditor.ProBuilder.EditorUtility:SetGizmoIconEnabled (System.Type,bool) (at Library/PackageCache/com.unity.probuilder@4.5.0/Editor/EditorCore/EditorUtility.cs:593)
UnityEditor.ProBuilder.HierarchyListener:.cctor () (at Library/PackageCache/com.unity.probuilder@4.5.0/Editor/EditorCore/HierarchyListener.cs:21)
System.Runtime.CompilerServices.RuntimeHelpers:RunClassConstructor (System.RuntimeTypeHandle)
UnityEditor.EditorAssemblies:ProcessInitializeOnLoadAttributes (System.Type[])

[Library/PackageCache/com.unity.probuilder@4.5.0/Editor/EditorCore/EditorUtility.cs line 593]

Invoked RoslynAnalysisRunner static constructor.
RoslynAnalysisRunner will not be running.
RoslynAnalysisRunner has terminated.
Mono: successfully reloaded assembly
- Completed reload, in  1.628 seconds
Platform modules already initialized, skipping
Shader 'Universal Render Pipeline/Particles/Lit': fallback shader 'Universal Render Pipeline/Particles/SimpleLit' not found
Shader 'Universal Render Pipeline/Particles/Lit': fallback shader 'Universal Render Pipeline/Particles/SimpleLit' not found
Refreshing native plugins compatible for Editor in 0.92 ms, found 0 plugins.
Preloading 0 native plugins for Editor in 0.00 ms.
Unloading 3584 Unused Serialized files (Serialized files now loaded: 0)
System memory in use before: 168.6 MB.
System memory in use after: 167.4 MB.

Unloading 35 unused Assets to reduce memory usage. Loaded Objects now: 4233.
Total: 6.868900 ms (FindLiveObjects: 0.682400 ms CreateObjectMapping: 0.328400 ms MarkObjects: 4.532000 ms  DeleteObjects: 1.323800 ms)

========================================================================
Received Prepare
Registering precompiled user dll's ...
Registered in 0.003324 seconds.
Begin MonoManager ReloadAssembly
Native extension for WindowsStandalone target not found
Refreshing native plugins compatible for Editor in 1.01 ms, found 0 plugins.
Preloading 0 native plugins for Editor in 0.00 ms.
Warning: Annotation not found!
UnityEngine.StackTraceUtility:ExtractStackTrace ()
UnityEditor.ProBuilder.EditorUtility:SetGizmoIconEnabled (System.Type,bool) (at Library/PackageCache/com.unity.probuilder@4.5.0/Editor/EditorCore/EditorUtility.cs:593)
UnityEditor.ProBuilder.HierarchyListener:.cctor () (at Library/PackageCache/com.unity.probuilder@4.5.0/Editor/EditorCore/HierarchyListener.cs:21)
System.Runtime.CompilerServices.RuntimeHelpers:RunClassConstructor (System.RuntimeTypeHandle)
UnityEditor.EditorAssemblies:ProcessInitializeOnLoadAttributes (System.Type[])

[Library/PackageCache/com.unity.probuilder@4.5.0/Editor/EditorCore/EditorUtility.cs line 593]

Invoked RoslynAnalysisRunner static constructor.
RoslynAnalysisRunner will not be running.
RoslynAnalysisRunner has terminated.
Mono: successfully reloaded assembly
- Completed reload, in  1.591 seconds
Platform modules already initialized, skipping
Shader 'Universal Render Pipeline/Particles/Lit': fallback shader 'Universal Render Pipeline/Particles/SimpleLit' not found
Shader 'Universal Render Pipeline/Particles/Lit': fallback shader 'Universal Render Pipeline/Particles/SimpleLit' not found
Refreshing native plugins compatible for Editor in 0.94 ms, found 0 plugins.
Preloading 0 native plugins for Editor in 0.00 ms.
Unloading 3584 Unused Serialized files (Serialized files now loaded: 0)
System memory in use before: 168.7 MB.
System memory in use after: 167.5 MB.

Unloading 35 unused Assets to reduce memory usage. Loaded Objects now: 4236.
Total: 8.087500 ms (FindLiveObjects: 0.939900 ms CreateObjectMapping: 0.566200 ms MarkObjects: 5.034200 ms  DeleteObjects: 1.541300 ms)

========================================================================
Received Import Request.
  Time since last request: 4204.319131 seconds.
  path: Assets/Scripts/PlayerStats.cs
  artifactKey: Guid(051e595da2e7b1040b69d08554d75267) Importer(815301076,1909f56bfc062723c751e8b465ee728b)
Start importing Assets/Scripts/PlayerStats.cs using Guid(051e595da2e7b1040b69d08554d75267) Importer(815301076,1909f56bfc062723c751e8b465ee728b)  -> (artifact id: '5b5e3d9b69fa2405e52d976b0d666c80') in 0.062533 seconds
  Import took 0.366671 seconds .

========================================================================
Received Import Request.
  Time since last request: 9475.470816 seconds.
  path: Assets/UI/Sprites/InputKey-UI-Sprites.png
  artifactKey: Guid(a57973d3dcb7a6d4986db7c1a1a88e3d) Importer(815301076,1909f56bfc062723c751e8b465ee728b)
Start importing Assets/UI/Sprites/InputKey-UI-Sprites.png using Guid(a57973d3dcb7a6d4986db7c1a1a88e3d) Importer(815301076,1909f56bfc062723c751e8b465ee728b)  -> (artifact id: 'e32b404cd2c14153ac02f09e15caaeab') in 0.549162 seconds
  Import took 0.635818 seconds .

========================================================================
Received Import Request.
  Time since last request: 0.002337 seconds.
  path: Assets/UI/Sprites/InputKey-UI-Sprites.png
  artifactKey: Guid(a57973d3dcb7a6d4986db7c1a1a88e3d) Importer(815301076,1909f56bfc062723c751e8b465ee728b)
Start importing Assets/UI/Sprites/InputKey-UI-Sprites.png using Guid(a57973d3dcb7a6d4986db7c1a1a88e3d) Importer(815301076,1909f56bfc062723c751e8b465ee728b)  -> (artifact id: 'e32b404cd2c14153ac02f09e15caaeab') in 0.109780 seconds
  Import took 0.118591 seconds .

========================================================================
Received Import Request.
  Time since last request: 51.987530 seconds.
  path: Assets/UI/Sprites/InputKey-UI-Sprites.png
  artifactKey: Guid(a57973d3dcb7a6d4986db7c1a1a88e3d) Importer(815301076,1909f56bfc062723c751e8b465ee728b)
Start importing Assets/UI/Sprites/InputKey-UI-Sprites.png using Guid(a57973d3dcb7a6d4986db7c1a1a88e3d) Importer(815301076,1909f56bfc062723c751e8b465ee728b)  -> (artifact id: '3d2664a7c9656d79b0d07928b9e2a403') in 0.193672 seconds
  Import took 0.200742 seconds .

========================================================================
Received Import Request.
  Time since last request: 10.538004 seconds.
  path: Assets/UI/Sprites/InputKey-UI-Sprites.png
  artifactKey: Guid(a57973d3dcb7a6d4986db7c1a1a88e3d) Importer(815301076,1909f56bfc062723c751e8b465ee728b)
Start importing Assets/UI/Sprites/InputKey-UI-Sprites.png using Guid(a57973d3dcb7a6d4986db7c1a1a88e3d) Importer(815301076,1909f56bfc062723c751e8b465ee728b)  -> (artifact id: '140ce591acfb3c4c48574d2773f9b3d9') in 0.205450 seconds
  Import took 0.213683 seconds .

========================================================================
Received Import Request.
  Time since last request: 2069.669104 seconds.
  path: Assets/UI/Sprites/Buttons/ButtonBG.png
  artifactKey: Guid(9ba1b1b51daee7449a4b7c24f0c71ef9) Importer(815301076,1909f56bfc062723c751e8b465ee728b)
Start importing Assets/UI/Sprites/Buttons/ButtonBG.png using Guid(9ba1b1b51daee7449a4b7c24f0c71ef9) Importer(815301076,1909f56bfc062723c751e8b465ee728b)  -> (artifact id: 'cc453fd796fd59faa45058b9a4012ded') in 0.085248 seconds
  Import took 0.092410 seconds .

========================================================================
Received Import Request.
  Time since last request: 11.785558 seconds.
  path: Assets/UI/Sprites/Buttons/ButtonBG.png
  artifactKey: Guid(9ba1b1b51daee7449a4b7c24f0c71ef9) Importer(815301076,1909f56bfc062723c751e8b465ee728b)
Start importing Assets/UI/Sprites/Buttons/ButtonBG.png using Guid(9ba1b1b51daee7449a4b7c24f0c71ef9) Importer(815301076,1909f56bfc062723c751e8b465ee728b)  -> (artifact id: 'a56d057ae646b44b7543b7f967bc156c') in 0.076494 seconds
  Import took 0.094121 seconds .

========================================================================
Received Import Request.
  Time since last request: 95.705051 seconds.
  path: Assets/UI/Sprites/Buttons/ButtonBG.png
  artifactKey: Guid(9ba1b1b51daee7449a4b7c24f0c71ef9) Importer(815301076,1909f56bfc062723c751e8b465ee728b)
Start importing Assets/UI/Sprites/Buttons/ButtonBG.png using Guid(9ba1b1b51daee7449a4b7c24f0c71ef9) Importer(815301076,1909f56bfc062723c751e8b465ee728b)  -> (artifact id: '76171b778567e7f29ad60bd94b857430') in 0.073279 seconds
  Import took 0.081347 seconds .

========================================================================
Received Import Request.
  Time since last request: 69.474920 seconds.
  path: Assets/UI/Sprites/Buttons/ButtonBG.png
  artifactKey: Guid(9ba1b1b51daee7449a4b7c24f0c71ef9) Importer(815301076,1909f56bfc062723c751e8b465ee728b)
Start importing Assets/UI/Sprites/Buttons/ButtonBG.png using Guid(9ba1b1b51daee7449a4b7c24f0c71ef9) Importer(815301076,1909f56bfc062723c751e8b465ee728b)  -> (artifact id: 'dfed4fe9c5fdf3250be811025e877fe2') in 0.066834 seconds
  Import took 0.082413 seconds .

========================================================================
Received Import Request.
  Time since last request: 45.107480 seconds.
  path: Assets/UI/Sprites/Buttons/ButtonBG.png
  artifactKey: Guid(9ba1b1b51daee7449a4b7c24f0c71ef9) Importer(815301076,1909f56bfc062723c751e8b465ee728b)
Start importing Assets/UI/Sprites/Buttons/ButtonBG.png using Guid(9ba1b1b51daee7449a4b7c24f0c71ef9) Importer(815301076,1909f56bfc062723c751e8b465ee728b)  -> (artifact id: '47dde891fc48ae417161f5ea6179f615') in 0.067404 seconds
  Import took 0.077067 seconds .

AssetImportWorkerClient::OnTransportError - code=2 error=End of file
